ARM GAS  /tmp/ccltW3WU.s 			page 1


   1              		.arch armv8.1-m.main
   2              		.fpu fpv5-d16
   3              		.arch_extension dsp
   4              		.arch_extension fp
   5              		.arch_extension fp.dp
   6              		.arch_extension mve
   7              		.arch_extension mve.fp
   8              		.eabi_attribute 5, "cortex-m55"
   9              		.eabi_attribute 28, 1
  10              		.eabi_attribute 20, 1
  11              		.eabi_attribute 21, 1
  12              		.eabi_attribute 23, 3
  13              		.eabi_attribute 24, 1
  14              		.eabi_attribute 25, 1
  15              		.eabi_attribute 26, 1
  16              		.eabi_attribute 30, 1
  17              		.eabi_attribute 34, 1
  18              		.eabi_attribute 38, 1
  19              		.eabi_attribute 18, 4
  20              		.file	"secure_nsc.c"
  21              		.text
  22              	.Ltext0:
  23              		.cfi_sections	.debug_frame
  24              		.file 1 "Src/secure_nsc.c"
  25              		.section	.text.SECURE_RegisterCallback,"ax",%progbits
  26              		.align	1
  27              		.global	SECURE_RegisterCallback
  28              		.global	__acle_se_SECURE_RegisterCallback
  29              		.syntax unified
  30              		.thumb
  31              		.thumb_func
  33              		.syntax unified
  34              		.thumb
  35              		.thumb_func
  37              	SECURE_RegisterCallback:
  38              	__acle_se_SECURE_RegisterCallback:
  39              	.LVL0:
  40              	.LFB884:
   1:Src/secure_nsc.c **** /* USER CODE BEGIN Header */
   2:Src/secure_nsc.c **** /**
   3:Src/secure_nsc.c ****   ******************************************************************************
   4:Src/secure_nsc.c ****   * @file    Secure/Src/secure_nsc.c
   5:Src/secure_nsc.c ****   * @author  MCD Application Team
   6:Src/secure_nsc.c ****   * @brief   This file contains the non-secure callable APIs (secure world)
   7:Src/secure_nsc.c ****   ******************************************************************************
   8:Src/secure_nsc.c ****     * @attention
   9:Src/secure_nsc.c ****   *
  10:Src/secure_nsc.c ****   * Copyright (c) 2026 STMicroelectronics.
  11:Src/secure_nsc.c ****   * All rights reserved.
  12:Src/secure_nsc.c ****   *
  13:Src/secure_nsc.c ****   * This software is licensed under terms that can be found in the LICENSE file
  14:Src/secure_nsc.c ****   * in the root directory of this software component.
  15:Src/secure_nsc.c ****   * If no LICENSE file comes with this software, it is provided AS-IS.
  16:Src/secure_nsc.c ****   *
  17:Src/secure_nsc.c ****   ******************************************************************************
  18:Src/secure_nsc.c ****   */
  19:Src/secure_nsc.c **** /* USER CODE END Header */
ARM GAS  /tmp/ccltW3WU.s 			page 2


  20:Src/secure_nsc.c **** 
  21:Src/secure_nsc.c **** /* USER CODE BEGIN Non_Secure_CallLib */
  22:Src/secure_nsc.c **** /* Includes ------------------------------------------------------------------*/
  23:Src/secure_nsc.c **** #include "main.h"
  24:Src/secure_nsc.c **** #include "secure_nsc.h"
  25:Src/secure_nsc.c **** /** @addtogroup STM32N6xx_HAL_Examples
  26:Src/secure_nsc.c **** 
  27:Src/secure_nsc.c ****   * @{
  28:Src/secure_nsc.c ****   */
  29:Src/secure_nsc.c **** 
  30:Src/secure_nsc.c **** /** @addtogroup Templates
  31:Src/secure_nsc.c ****   * @{
  32:Src/secure_nsc.c ****   */
  33:Src/secure_nsc.c **** 
  34:Src/secure_nsc.c **** /* Global variables ----------------------------------------------------------*/
  35:Src/secure_nsc.c **** void *pSecureFaultCallback = NULL;   /* Pointer to secure fault callback in Non-secure */
  36:Src/secure_nsc.c **** void *pSecureErrorCallback = NULL;   /* Pointer to secure error callback in Non-secure */
  37:Src/secure_nsc.c **** 
  38:Src/secure_nsc.c **** /* Private typedef -----------------------------------------------------------*/
  39:Src/secure_nsc.c **** /* Private define ------------------------------------------------------------*/
  40:Src/secure_nsc.c **** /* Private macro -------------------------------------------------------------*/
  41:Src/secure_nsc.c **** /* Private variables ---------------------------------------------------------*/
  42:Src/secure_nsc.c **** /* Private function prototypes -----------------------------------------------*/
  43:Src/secure_nsc.c **** /* Private functions ---------------------------------------------------------*/
  44:Src/secure_nsc.c **** 
  45:Src/secure_nsc.c **** /**
  46:Src/secure_nsc.c ****   * @brief  Secure registration of non-secure callback.
  47:Src/secure_nsc.c ****   * @param  CallbackId  callback identifier
  48:Src/secure_nsc.c ****   * @param  func        pointer to non-secure function
  49:Src/secure_nsc.c ****   * @retval None
  50:Src/secure_nsc.c ****   */
  51:Src/secure_nsc.c ****   CMSE_NS_ENTRY void SECURE_RegisterCallback(SECURE_CallbackIDTypeDef CallbackId, void *func)
  52:Src/secure_nsc.c ****   {
  41              		.loc 1 52 3 view -0
  42              		.cfi_startproc
  43              		@ Non-secure entry function: called from non-secure code.
  44              		@ args = 0, pretend = 0, frame = 0
  45              		@ frame_needed = 0, uses_anonymous_args = 0
  46              		@ link register save eliminated.
  47              		.loc 1 52 3 is_stmt 0 view .LVU1
  48 0000 C0B2     		uxtb	r0, r0
  49              		.loc 1 52 3 view .LVU2
  50 0002 6DED81CF 		vstr	FPCXTNS, [sp, #-4]!
  51              	.LCFI0:
  52              		.cfi_def_cfa_offset 4
  53:Src/secure_nsc.c ****       if(func != NULL)
  53              		.loc 1 53 7 is_stmt 1 view .LVU3
  54              		.loc 1 53 9 is_stmt 0 view .LVU4
  55 0006 21B1     		cbz	r1, .L1
  54:Src/secure_nsc.c ****       {
  55:Src/secure_nsc.c ****         switch(CallbackId)
  56              		.loc 1 55 9 is_stmt 1 view .LVU5
  57 0008 50B1     		cbz	r0, .L3
  58 000a 0128     		cmp	r0, #1
  59 000c 01D1     		bne	.L1
  56:Src/secure_nsc.c ****         {
  57:Src/secure_nsc.c ****           case SECURE_FAULT_CB_ID:           /* SecureFault Interrupt occurred */
ARM GAS  /tmp/ccltW3WU.s 			page 3


  58:Src/secure_nsc.c ****           pSecureFaultCallback = func;
  59:Src/secure_nsc.c ****           break;
  60:Src/secure_nsc.c ****           case IAC_ERROR_CB_ID:             /* Illegal Access Interrupt occurred */
  61:Src/secure_nsc.c ****           pSecureErrorCallback = func;
  60              		.loc 1 61 11 view .LVU6
  61              		.loc 1 61 32 is_stmt 0 view .LVU7
  62 000e 064A     		ldr	r2, .L6
  63 0010 1160     		str	r1, [r2]
  62:Src/secure_nsc.c ****           break;
  64              		.loc 1 62 11 is_stmt 1 view .LVU8
  65              	.L1:
  63:Src/secure_nsc.c ****           default:
  64:Src/secure_nsc.c ****           /* unknown */
  65:Src/secure_nsc.c ****           break;
  66:Src/secure_nsc.c ****         }
  67:Src/secure_nsc.c ****       }
  68:Src/secure_nsc.c ****   }
  66              		.loc 1 68 3 is_stmt 0 view .LVU9
  67 0012 9FEC100A 		vscclrm	{s0-s15, VPR}
  68 0016 9FE80F90 		clrm	{r0, r1, r2, r3, ip, APSR}
  69              	.LVL1:
  70              		.loc 1 68 3 view .LVU10
  71 001a FDEC81CF 		vldr	FPCXTNS, [sp], #4
  72              	.LCFI1:
  73              		.cfi_remember_state
  74              		.cfi_def_cfa_offset 0
  75 001e 7447     		bxns	lr
  76              	.LVL2:
  77              	.L3:
  78              	.LCFI2:
  79              		.cfi_restore_state
  58:Src/secure_nsc.c ****           break;
  80              		.loc 1 58 11 is_stmt 1 view .LVU11
  58:Src/secure_nsc.c ****           break;
  81              		.loc 1 58 32 is_stmt 0 view .LVU12
  82 0020 024A     		ldr	r2, .L6+4
  83 0022 1160     		str	r1, [r2]
  59:Src/secure_nsc.c ****           case IAC_ERROR_CB_ID:             /* Illegal Access Interrupt occurred */
  84              		.loc 1 59 11 is_stmt 1 view .LVU13
  85 0024 F5E7     		b	.L1
  86              	.L7:
  87 0026 00BF     		.align	2
  88              	.L6:
  89 0028 00000000 		.word	pSecureErrorCallback
  90 002c 00000000 		.word	pSecureFaultCallback
  91              		.cfi_endproc
  92              	.LFE884:
  94              		.global	pSecureErrorCallback
  95              		.section	.bss.pSecureErrorCallback,"aw",%nobits
  96              		.align	2
  99              	pSecureErrorCallback:
 100 0000 00000000 		.space	4
 101              		.global	pSecureFaultCallback
 102              		.section	.bss.pSecureFaultCallback,"aw",%nobits
 103              		.align	2
 106              	pSecureFaultCallback:
 107 0000 00000000 		.space	4
ARM GAS  /tmp/ccltW3WU.s 			page 4


 108              		.text
 109              	.Letext0:
 110              		.file 2 "../Drivers/STM32N6xx_HAL_Driver/Inc/stm32n6xx_hal_gpio.h"
 111              		.file 3 "../Drivers/BSP/STM32N6xx_Nucleo/stm32n6xx_nucleo.h"
 112              		.file 4 "../Secure_nsclib/secure_nsc.h"
ARM GAS  /tmp/ccltW3WU.s 			page 5


DEFINED SYMBOLS
                            *ABS*:00000000 secure_nsc.c
     /tmp/ccltW3WU.s:26     .text.SECURE_RegisterCallback:00000000 $t
     /tmp/ccltW3WU.s:37     .text.SECURE_RegisterCallback:00000000 SECURE_RegisterCallback
     /tmp/ccltW3WU.s:38     .text.SECURE_RegisterCallback:00000000 __acle_se_SECURE_RegisterCallback
     /tmp/ccltW3WU.s:89     .text.SECURE_RegisterCallback:00000028 $d
     /tmp/ccltW3WU.s:99     .bss.pSecureErrorCallback:00000000 pSecureErrorCallback
     /tmp/ccltW3WU.s:106    .bss.pSecureFaultCallback:00000000 pSecureFaultCallback
     /tmp/ccltW3WU.s:96     .bss.pSecureErrorCallback:00000000 $d
     /tmp/ccltW3WU.s:103    .bss.pSecureFaultCallback:00000000 $d

NO UNDEFINED SYMBOLS
