ARM GAS  /tmp/cc1DSJ3P.s 			page 1


   1              		.arch armv8.1-m.main
   2              		.fpu fpv5-d16
   3              		.arch_extension dsp
   4              		.arch_extension fp
   5              		.arch_extension fp.dp
   6              		.arch_extension mve
   7              		.arch_extension mve.fp
   8              		.eabi_attribute 5, "cortex-m55"
   9              		.eabi_attribute 28, 1
  10              		.eabi_attribute 20, 1
  11              		.eabi_attribute 21, 1
  12              		.eabi_attribute 23, 3
  13              		.eabi_attribute 24, 1
  14              		.eabi_attribute 25, 1
  15              		.eabi_attribute 26, 1
  16              		.eabi_attribute 30, 1
  17              		.eabi_attribute 34, 1
  18              		.eabi_attribute 38, 1
  19              		.eabi_attribute 18, 4
  20              		.file	"camera.c"
  21              		.text
  22              	.Ltext0:
  23              		.cfi_sections	.debug_frame
  24              		.file 1 "Src/camera.c"
  25              		.section	.text.DCMIPP_initNN,"ax",%progbits
  26              		.align	1
  27              		.global	DCMIPP_initNN
  28              		.syntax unified
  29              		.thumb
  30              		.thumb_func
  32              	DCMIPP_initNN:
  33              	.LFB884:
   1:Src/camera.c  **** #include "camera.h"
   2:Src/camera.c  **** // HAL INCLDUES
   3:Src/camera.c  **** 
   4:Src/camera.c  **** // MIDDLEWARE INCLUDES
   5:Src/camera.c  **** #include "cmw_camera.h"
   6:Src/camera.c  **** 
   7:Src/camera.c  **** // APP INCLUDES 
   8:Src/camera.c  **** 
   9:Src/camera.c  **** 
  10:Src/camera.c  **** HAL_StatusTypeDef DCMIPP_initNN() {
  34              		.loc 1 10 35 view -0
  35              		.cfi_startproc
  36              		@ args = 0, pretend = 0, frame = 48
  37              		@ frame_needed = 0, uses_anonymous_args = 0
  38 0000 10B5     		push	{r4, lr}
  39              	.LCFI0:
  40              		.cfi_def_cfa_offset 8
  41              		.cfi_offset 4, -8
  42              		.cfi_offset 14, -4
  43 0002 8CB0     		sub	sp, sp, #48
  44              	.LCFI1:
  45              		.cfi_def_cfa_offset 56
  11:Src/camera.c  **** 	HAL_StatusTypeDef ret;
  46              		.loc 1 11 2 view .LVU1
  12:Src/camera.c  **** 	CMW_DCMIPP_Conf_t dcmipp_conf = {0};
ARM GAS  /tmp/cc1DSJ3P.s 			page 2


  47              		.loc 1 12 2 view .LVU2
  48              		.loc 1 12 20 is_stmt 0 view .LVU3
  49 0004 01AC     		add	r4, sp, #4
  50 0006 2C22     		movs	r2, #44
  51 0008 0021     		movs	r1, #0
  52 000a 2046     		mov	r0, r4
  53 000c FFF7FEFF 		bl	memset
  54              	.LVL0:
  13:Src/camera.c  **** 
  14:Src/camera.c  **** 	dcmipp_conf.output_width = NN_WIDTH;
  55              		.loc 1 14 2 is_stmt 1 view .LVU4
  56              		.loc 1 14 27 is_stmt 0 view .LVU5
  57 0010 6423     		movs	r3, #100
  58 0012 0193     		str	r3, [sp, #4]
  15:Src/camera.c  **** 	dcmipp_conf.output_height = NN_HEIGHT;
  59              		.loc 1 15 2 is_stmt 1 view .LVU6
  60              		.loc 1 15 28 is_stmt 0 view .LVU7
  61 0014 0293     		str	r3, [sp, #8]
  16:Src/camera.c  **** 	dcmipp_conf.output_height = DCMIPP_PIXEL_PACKER_FORMAT_YUV444_1;
  62              		.loc 1 16 2 is_stmt 1 view .LVU8
  63              		.loc 1 16 28 is_stmt 0 view .LVU9
  64 0016 0523     		movs	r3, #5
  65 0018 0293     		str	r3, [sp, #8]
  17:Src/camera.c  **** 	dcmipp_conf.output_bpp = NN_BPP;
  66              		.loc 1 17 2 is_stmt 1 view .LVU10
  67              		.loc 1 17 25 is_stmt 0 view .LVU11
  68 001a 0223     		movs	r3, #2
  69 001c 0493     		str	r3, [sp, #16]
  18:Src/camera.c  **** 	dcmipp_conf.mode = CMW_ASPECT_RATIO;
  70              		.loc 1 18 2 is_stmt 1 view .LVU12
  19:Src/camera.c  **** 
  20:Src/camera.c  **** 	uint32_t pitch = NN_PITCH;
  71              		.loc 1 20 2 view .LVU13
  72              		.loc 1 20 11 is_stmt 0 view .LVU14
  73 001e 0120     		movs	r0, #1
  74 0020 0090     		str	r0, [sp]
  21:Src/camera.c  **** 	HAL_TRY(CMW_CAMERA_SetPipeConfig(DCMIPP_PIPE1, &dcmipp_conf, &pitch));
  75              		.loc 1 21 2 is_stmt 1 view .LVU15
  76 0022 6A46     		mov	r2, sp
  77 0024 2146     		mov	r1, r4
  78 0026 FFF7FEFF 		bl	CMW_CAMERA_SetPipeConfig
  79              	.LVL1:
  80              		.loc 1 21 2 discriminator 1 view .LVU16
  22:Src/camera.c  **** 
  23:Src/camera.c  **** 	return HAL_OK;
  24:Src/camera.c  **** }
  81              		.loc 1 24 1 is_stmt 0 view .LVU17
  82 002a C0B2     		uxtb	r0, r0
  83              		.loc 1 24 1 view .LVU18
  84 002c 0CB0     		add	sp, sp, #48
  85              	.LCFI2:
  86              		.cfi_def_cfa_offset 8
  87              		@ sp needed
  88 002e 10BD     		pop	{r4, pc}
  89              		.cfi_endproc
  90              	.LFE884:
  92              		.section	.text.DCMIPP_initDisplay,"ax",%progbits
ARM GAS  /tmp/cc1DSJ3P.s 			page 3


  93              		.align	1
  94              		.global	DCMIPP_initDisplay
  95              		.syntax unified
  96              		.thumb
  97              		.thumb_func
  99              	DCMIPP_initDisplay:
 100              	.LFB885:
  25:Src/camera.c  **** 
  26:Src/camera.c  **** HAL_StatusTypeDef DCMIPP_initDisplay() {
 101              		.loc 1 26 40 is_stmt 1 view -0
 102              		.cfi_startproc
 103              		@ args = 0, pretend = 0, frame = 48
 104              		@ frame_needed = 0, uses_anonymous_args = 0
 105 0000 10B5     		push	{r4, lr}
 106              	.LCFI3:
 107              		.cfi_def_cfa_offset 8
 108              		.cfi_offset 4, -8
 109              		.cfi_offset 14, -4
 110 0002 8CB0     		sub	sp, sp, #48
 111              	.LCFI4:
 112              		.cfi_def_cfa_offset 56
  27:Src/camera.c  **** 
  28:Src/camera.c  **** 	HAL_StatusTypeDef ret;
 113              		.loc 1 28 2 view .LVU20
  29:Src/camera.c  **** 	CMW_DCMIPP_Conf_t dcmipp_conf = {0};
 114              		.loc 1 29 2 view .LVU21
 115              		.loc 1 29 20 is_stmt 0 view .LVU22
 116 0004 01AC     		add	r4, sp, #4
 117 0006 2C22     		movs	r2, #44
 118 0008 0021     		movs	r1, #0
 119 000a 2046     		mov	r0, r4
 120 000c FFF7FEFF 		bl	memset
 121              	.LVL2:
  30:Src/camera.c  **** 
  31:Src/camera.c  **** 	dcmipp_conf.output_width = LCD_WIDTH;
 122              		.loc 1 31 2 is_stmt 1 view .LVU23
 123              		.loc 1 31 27 is_stmt 0 view .LVU24
 124 0010 6423     		movs	r3, #100
 125 0012 0193     		str	r3, [sp, #4]
  32:Src/camera.c  **** 	dcmipp_conf.output_height = LCD_HEIGHT;
 126              		.loc 1 32 2 is_stmt 1 view .LVU25
 127              		.loc 1 32 28 is_stmt 0 view .LVU26
 128 0014 0293     		str	r3, [sp, #8]
  33:Src/camera.c  **** 	dcmipp_conf.output_height = DCMIPP_PIXEL_PACKER_FORMAT_RGB565_1;
 129              		.loc 1 33 2 is_stmt 1 view .LVU27
 130              		.loc 1 33 28 is_stmt 0 view .LVU28
 131 0016 0120     		movs	r0, #1
 132 0018 0290     		str	r0, [sp, #8]
  34:Src/camera.c  **** 	dcmipp_conf.output_bpp = 2;
 133              		.loc 1 34 2 is_stmt 1 view .LVU29
 134              		.loc 1 34 25 is_stmt 0 view .LVU30
 135 001a 0223     		movs	r3, #2
 136 001c 0493     		str	r3, [sp, #16]
  35:Src/camera.c  **** 	dcmipp_conf.mode = CMW_ASPECT_RATIO;
 137              		.loc 1 35 2 is_stmt 1 view .LVU31
  36:Src/camera.c  **** 
  37:Src/camera.c  **** 
ARM GAS  /tmp/cc1DSJ3P.s 			page 4


  38:Src/camera.c  **** 	uint32_t pitch;
 138              		.loc 1 38 2 view .LVU32
  39:Src/camera.c  **** 	HAL_TRY(CMW_CAMERA_SetPipeConfig(DCMIPP_PIPE1, &dcmipp_conf, &pitch));
 139              		.loc 1 39 2 view .LVU33
 140 001e 6A46     		mov	r2, sp
 141 0020 2146     		mov	r1, r4
 142 0022 FFF7FEFF 		bl	CMW_CAMERA_SetPipeConfig
 143              	.LVL3:
 144              		.loc 1 39 2 discriminator 1 view .LVU34
 145 0026 10F0FF00 		ands	r0, r0, #255
 146              	.LVL4:
 147              		.loc 1 39 2 is_stmt 0 discriminator 1 view .LVU35
 148 002a 07D1     		bne	.L4
  40:Src/camera.c  **** 
  41:Src/camera.c  **** #ifndef NDEBUG
  42:Src/camera.c  **** 	if (LCD_WIDTH * dcmipp_conf.output_bpp != pitch) return HAL_ERROR;
 149              		.loc 1 42 2 is_stmt 1 view .LVU36
 150              		.loc 1 42 16 is_stmt 0 view .LVU37
 151 002c 049B     		ldr	r3, [sp, #16]
 152 002e 6422     		movs	r2, #100
 153 0030 02FB03F3 		mul	r3, r2, r3
 154              		.loc 1 42 41 view .LVU38
 155 0034 009A     		ldr	r2, [sp]
 156              		.loc 1 42 5 view .LVU39
 157 0036 9342     		cmp	r3, r2
 158 0038 00D0     		beq	.L4
 159              		.loc 1 42 58 discriminator 1 view .LVU40
 160 003a 0120     		movs	r0, #1
 161              	.L4:
  43:Src/camera.c  **** #endif
  44:Src/camera.c  **** 
  45:Src/camera.c  **** 	return HAL_OK;
  46:Src/camera.c  **** }
 162              		.loc 1 46 1 view .LVU41
 163 003c 0CB0     		add	sp, sp, #48
 164              	.LCFI5:
 165              		.cfi_def_cfa_offset 8
 166              		@ sp needed
 167 003e 10BD     		pop	{r4, pc}
 168              		.cfi_endproc
 169              	.LFE885:
 171              		.section	.text.CAMERA_init,"ax",%progbits
 172              		.align	1
 173              		.global	CAMERA_init
 174              		.syntax unified
 175              		.thumb
 176              		.thumb_func
 178              	CAMERA_init:
 179              	.LFB886:
  47:Src/camera.c  **** 
  48:Src/camera.c  **** HAL_StatusTypeDef CAMERA_init() {
 180              		.loc 1 48 33 is_stmt 1 view -0
 181              		.cfi_startproc
 182              		@ args = 0, pretend = 0, frame = 32
 183              		@ frame_needed = 0, uses_anonymous_args = 0
 184 0000 00B5     		push	{lr}
 185              	.LCFI6:
ARM GAS  /tmp/cc1DSJ3P.s 			page 5


 186              		.cfi_def_cfa_offset 4
 187              		.cfi_offset 14, -4
 188 0002 89B0     		sub	sp, sp, #36
 189              	.LCFI7:
 190              		.cfi_def_cfa_offset 40
  49:Src/camera.c  **** 
  50:Src/camera.c  **** 	HAL_StatusTypeDef ret;
 191              		.loc 1 50 2 view .LVU43
  51:Src/camera.c  **** 	CMW_CameraInit_t cam_conf;
 192              		.loc 1 51 2 view .LVU44
  52:Src/camera.c  **** 	CMW_Advanced_Config_t adv_conf;
 193              		.loc 1 52 2 view .LVU45
  53:Src/camera.c  **** 	CMW_IMX335_config_t imx_conf;
 194              		.loc 1 53 2 view .LVU46
  54:Src/camera.c  **** 
  55:Src/camera.c  **** 	cam_conf.width = CAMERA_WIDTH;
 195              		.loc 1 55 2 view .LVU47
 196              		.loc 1 55 17 is_stmt 0 view .LVU48
 197 0004 6423     		movs	r3, #100
 198 0006 0493     		str	r3, [sp, #16]
  56:Src/camera.c  **** 	cam_conf.height = CAMERA_HEIGHT;
 199              		.loc 1 56 2 is_stmt 1 view .LVU49
 200              		.loc 1 56 18 is_stmt 0 view .LVU50
 201 0008 0593     		str	r3, [sp, #20]
  57:Src/camera.c  **** 	cam_conf.fps = CAMERA_FPS;
 202              		.loc 1 57 2 is_stmt 1 view .LVU51
 203              		.loc 1 57 15 is_stmt 0 view .LVU52
 204 000a 1E23     		movs	r3, #30
 205 000c 0693     		str	r3, [sp, #24]
  58:Src/camera.c  **** 	cam_conf.mirror_flip = CAMERA_FLIP;
 206              		.loc 1 58 2 is_stmt 1 view .LVU53
 207              		.loc 1 58 23 is_stmt 0 view .LVU54
 208 000e 0123     		movs	r3, #1
 209 0010 0793     		str	r3, [sp, #28]
  59:Src/camera.c  **** 
  60:Src/camera.c  **** 	imx_conf.pixel_format = 0; //idk what this does yet TODO;
 210              		.loc 1 60 2 is_stmt 1 view .LVU55
  61:Src/camera.c  **** 
  62:Src/camera.c  **** 	adv_conf.selected_sensor = CMW_IMX335_Sensor;
 211              		.loc 1 62 2 view .LVU56
 212              		.loc 1 62 27 is_stmt 0 view .LVU57
 213 0012 0323     		movs	r3, #3
 214 0014 8DF80430 		strb	r3, [sp, #4]
  63:Src/camera.c  **** 	adv_conf.config_sensor.imx335_config = imx_conf;
 215              		.loc 1 63 2 is_stmt 1 view .LVU58
 216              		.loc 1 63 39 is_stmt 0 view .LVU59
 217 0018 0023     		movs	r3, #0
 218              	.LVL5:
 219              		.loc 1 63 39 view .LVU60
 220 001a 0293     		str	r3, [sp, #8]
  64:Src/camera.c  **** 
  65:Src/camera.c  **** 	int cmw_ret = CMW_CAMERA_Init(&cam_conf, &adv_conf);
 221              		.loc 1 65 2 is_stmt 1 view .LVU61
 222              		.loc 1 65 16 is_stmt 0 view .LVU62
 223 001c 01A9     		add	r1, sp, #4
 224 001e 04A8     		add	r0, sp, #16
 225 0020 FFF7FEFF 		bl	CMW_CAMERA_Init
ARM GAS  /tmp/cc1DSJ3P.s 			page 6


 226              	.LVL6:
  66:Src/camera.c  **** 	// maybe add error checking here later
  67:Src/camera.c  **** 
  68:Src/camera.c  **** 	HAL_TRY(DCMIPP_initDisplay());
 227              		.loc 1 68 2 is_stmt 1 view .LVU63
 228 0024 FFF7FEFF 		bl	DCMIPP_initDisplay
 229              	.LVL7:
 230              		.loc 1 68 2 discriminator 1 view .LVU64
 231 0028 08B1     		cbz	r0, .L10
 232              	.LVL8:
 233              	.L8:
  69:Src/camera.c  **** 	HAL_TRY(DCMIPP_initNN());
  70:Src/camera.c  **** 
  71:Src/camera.c  **** 	return HAL_OK;
  72:Src/camera.c  **** }
 234              		.loc 1 72 1 is_stmt 0 view .LVU65
 235 002a 09B0     		add	sp, sp, #36
 236              	.LCFI8:
 237              		.cfi_remember_state
 238              		.cfi_def_cfa_offset 4
 239              		@ sp needed
 240 002c 00BD     		pop	{pc}
 241              	.LVL9:
 242              	.L10:
 243              	.LCFI9:
 244              		.cfi_restore_state
  69:Src/camera.c  **** 	HAL_TRY(DCMIPP_initNN());
 245              		.loc 1 69 2 is_stmt 1 view .LVU66
 246 002e FFF7FEFF 		bl	DCMIPP_initNN
 247              	.LVL10:
  69:Src/camera.c  **** 	HAL_TRY(DCMIPP_initNN());
 248              		.loc 1 69 2 discriminator 1 view .LVU67
 249 0032 FAE7     		b	.L8
 250              		.cfi_endproc
 251              	.LFE886:
 253              		.text
 254              	.Letext0:
 255              		.file 2 "/usr/arm-none-eabi/include/machine/_default_types.h"
 256              		.file 3 "/usr/arm-none-eabi/include/sys/_stdint.h"
 257              		.file 4 "../Drivers/STM32N6xx_HAL_Driver/Inc/stm32n6xx_hal_def.h"
 258              		.file 5 "../Drivers/cmw_camera/cmw_camera.h"
 259              		.file 6 "<built-in>"
ARM GAS  /tmp/cc1DSJ3P.s 			page 7


DEFINED SYMBOLS
                            *ABS*:00000000 camera.c
     /tmp/cc1DSJ3P.s:26     .text.DCMIPP_initNN:00000000 $t
     /tmp/cc1DSJ3P.s:32     .text.DCMIPP_initNN:00000000 DCMIPP_initNN
     /tmp/cc1DSJ3P.s:93     .text.DCMIPP_initDisplay:00000000 $t
     /tmp/cc1DSJ3P.s:99     .text.DCMIPP_initDisplay:00000000 DCMIPP_initDisplay
     /tmp/cc1DSJ3P.s:172    .text.CAMERA_init:00000000 $t
     /tmp/cc1DSJ3P.s:178    .text.CAMERA_init:00000000 CAMERA_init

UNDEFINED SYMBOLS
memset
CMW_CAMERA_SetPipeConfig
CMW_CAMERA_Init
