ARM GAS  /tmp/ccbmuWYg.s 			page 1


   1              		.arch armv8.1-m.main
   2              		.fpu fpv5-d16
   3              		.arch_extension dsp
   4              		.arch_extension fp
   5              		.arch_extension fp.dp
   6              		.arch_extension mve
   7              		.arch_extension mve.fp
   8              		.eabi_attribute 5, "cortex-m55"
   9              		.eabi_attribute 28, 1
  10              		.eabi_attribute 20, 1
  11              		.eabi_attribute 21, 1
  12              		.eabi_attribute 23, 3
  13              		.eabi_attribute 24, 1
  14              		.eabi_attribute 25, 1
  15              		.eabi_attribute 26, 1
  16              		.eabi_attribute 30, 1
  17              		.eabi_attribute 34, 1
  18              		.eabi_attribute 38, 1
  19              		.eabi_attribute 18, 4
  20              		.file	"isp_awb_algo.c"
  21              		.text
  22              	.Ltext0:
  23              		.cfi_sections	.debug_frame
  24              		.file 1 "../Drivers/ISP/isp/Src/isp_awb_algo.c"
  25              		.section	.text.ISP_AWB_Init,"ax",%progbits
  26              		.align	1
  27              		.global	ISP_AWB_Init
  28              		.syntax unified
  29              		.thumb
  30              		.thumb_func
  32              	ISP_AWB_Init:
  33              	.LVL0:
  34              	.LFB884:
   1:../Drivers/ISP/isp/Src/isp_awb_algo.c **** /**
   2:../Drivers/ISP/isp/Src/isp_awb_algo.c ****  ******************************************************************************
   3:../Drivers/ISP/isp/Src/isp_awb_algo.c ****  * @file    isp_awb_algo.c
   4:../Drivers/ISP/isp/Src/isp_awb_algo.c ****  * @author  AIS Application Team
   5:../Drivers/ISP/isp/Src/isp_awb_algo.c ****  * @brief   ISP AWB algorithm
   6:../Drivers/ISP/isp/Src/isp_awb_algo.c ****  ******************************************************************************
   7:../Drivers/ISP/isp/Src/isp_awb_algo.c ****  * @attention
   8:../Drivers/ISP/isp/Src/isp_awb_algo.c ****  *
   9:../Drivers/ISP/isp/Src/isp_awb_algo.c ****  * Copyright (c) 2025 STMicroelectronics.
  10:../Drivers/ISP/isp/Src/isp_awb_algo.c ****  * All rights reserved.
  11:../Drivers/ISP/isp/Src/isp_awb_algo.c ****  *
  12:../Drivers/ISP/isp/Src/isp_awb_algo.c ****  * This software is licensed under terms that can be found in the LICENSE file
  13:../Drivers/ISP/isp/Src/isp_awb_algo.c ****  * in the root directory of this software component.
  14:../Drivers/ISP/isp/Src/isp_awb_algo.c ****  * If no LICENSE file comes with this software, it is provided AS-IS.
  15:../Drivers/ISP/isp/Src/isp_awb_algo.c ****  *
  16:../Drivers/ISP/isp/Src/isp_awb_algo.c ****  ******************************************************************************
  17:../Drivers/ISP/isp/Src/isp_awb_algo.c ****  */
  18:../Drivers/ISP/isp/Src/isp_awb_algo.c **** 
  19:../Drivers/ISP/isp/Src/isp_awb_algo.c **** /* Includes ------------------------------------------------------------------*/
  20:../Drivers/ISP/isp/Src/isp_awb_algo.c **** #include "isp_services.h"
  21:../Drivers/ISP/isp/Src/isp_awb_algo.c **** #include <inttypes.h>
  22:../Drivers/ISP/isp/Src/isp_awb_algo.c **** 
  23:../Drivers/ISP/isp/Src/isp_awb_algo.c **** /* Private types -------------------------------------------------------------*/
  24:../Drivers/ISP/isp/Src/isp_awb_algo.c **** /* Private constants ---------------------------------------------------------*/
ARM GAS  /tmp/ccbmuWYg.s 			page 2


  25:../Drivers/ISP/isp/Src/isp_awb_algo.c **** /* Debug logs control */
  26:../Drivers/ISP/isp/Src/isp_awb_algo.c **** //#define ALGO_AWB_DBG_LOGS
  27:../Drivers/ISP/isp/Src/isp_awb_algo.c **** 
  28:../Drivers/ISP/isp/Src/isp_awb_algo.c **** /* Interpolation ratio limit from where we decide to 'stick' to a reference profile */
  29:../Drivers/ISP/isp/Src/isp_awb_algo.c **** #define ISP_AWB_STICKY         0.05
  30:../Drivers/ISP/isp/Src/isp_awb_algo.c **** /* Stat update limit from where we consider that the frame does not change */
  31:../Drivers/ISP/isp/Src/isp_awb_algo.c **** #define ISP_AWB_STAT_NO_CHANGE 1
  32:../Drivers/ISP/isp/Src/isp_awb_algo.c **** 
  33:../Drivers/ISP/isp/Src/isp_awb_algo.c **** /* Private macro -------------------------------------------------------------*/
  34:../Drivers/ISP/isp/Src/isp_awb_algo.c **** /* Private function prototypes -----------------------------------------------*/
  35:../Drivers/ISP/isp/Src/isp_awb_algo.c **** /* Private variables ---------------------------------------------------------*/
  36:../Drivers/ISP/isp/Src/isp_awb_algo.c **** static ISP_AWBAlgoTypeDef ISP_AWB_Config;
  37:../Drivers/ISP/isp/Src/isp_awb_algo.c **** static uint32_t ISP_AWB_rbRatio[ISP_AWB_COLORTEMP_REF];
  38:../Drivers/ISP/isp/Src/isp_awb_algo.c **** static uint32_t ISP_AWB_NbProfiles;
  39:../Drivers/ISP/isp/Src/isp_awb_algo.c **** static ISP_StatisticsTypeDef ISP_AWB_CurrStats;
  40:../Drivers/ISP/isp/Src/isp_awb_algo.c **** static uint32_t ISP_AWB_CurrTemp;
  41:../Drivers/ISP/isp/Src/isp_awb_algo.c **** static ISP_ColorConvTypeDef ISP_AWB_CurrColorConv;
  42:../Drivers/ISP/isp/Src/isp_awb_algo.c **** static ISP_ISPGainTypeDef ISP_AWB_CurrISPGain;
  43:../Drivers/ISP/isp/Src/isp_awb_algo.c **** 
  44:../Drivers/ISP/isp/Src/isp_awb_algo.c **** /* Global variables ----------------------------------------------------------*/
  45:../Drivers/ISP/isp/Src/isp_awb_algo.c **** /* Private functions ---------------------------------------------------------*/
  46:../Drivers/ISP/isp/Src/isp_awb_algo.c **** /* Exported functions --------------------------------------------------------*/
  47:../Drivers/ISP/isp/Src/isp_awb_algo.c **** /**
  48:../Drivers/ISP/isp/Src/isp_awb_algo.c ****   * @brief  ISP_AWB_Init
  49:../Drivers/ISP/isp/Src/isp_awb_algo.c ****   *         Initialize and configure the AWB algo
  50:../Drivers/ISP/isp/Src/isp_awb_algo.c ****   * @param  pAWBAlgo: Pointer to the AWB tuning configuration
  51:../Drivers/ISP/isp/Src/isp_awb_algo.c ****   * @retval operation result
  52:../Drivers/ISP/isp/Src/isp_awb_algo.c ****   */
  53:../Drivers/ISP/isp/Src/isp_awb_algo.c **** ISP_StatusTypeDef ISP_AWB_Init(ISP_AWBAlgoTypeDef *pAWBAlgo)
  54:../Drivers/ISP/isp/Src/isp_awb_algo.c **** {
  35              		.loc 1 54 1 view -0
  36              		.cfi_startproc
  37              		@ args = 0, pretend = 0, frame = 0
  38              		@ frame_needed = 0, uses_anonymous_args = 0
  39              		.loc 1 54 1 is_stmt 0 view .LVU1
  40 0000 08B5     		push	{r3, lr}
  41              	.LCFI0:
  42              		.cfi_def_cfa_offset 8
  43              		.cfi_offset 3, -8
  44              		.cfi_offset 14, -4
  45 0002 0146     		mov	r1, r0
  55:../Drivers/ISP/isp/Src/isp_awb_algo.c ****   uint32_t profId;
  46              		.loc 1 55 3 is_stmt 1 view .LVU2
  56:../Drivers/ISP/isp/Src/isp_awb_algo.c **** 
  57:../Drivers/ISP/isp/Src/isp_awb_algo.c ****   /* Copy internally the AWB tuning parameters */
  58:../Drivers/ISP/isp/Src/isp_awb_algo.c ****   ISP_AWB_Config = *pAWBAlgo;
  47              		.loc 1 58 3 view .LVU3
  48              		.loc 1 58 18 is_stmt 0 view .LVU4
  49 0004 4FF4DC72 		mov	r2, #440
  50 0008 2848     		ldr	r0, .L12
  51              	.LVL1:
  52              		.loc 1 58 18 view .LVU5
  53 000a FFF7FEFF 		bl	memcpy
  54              	.LVL2:
  59:../Drivers/ISP/isp/Src/isp_awb_algo.c **** 
  60:../Drivers/ISP/isp/Src/isp_awb_algo.c ****   /* Reset internal variables */
  61:../Drivers/ISP/isp/Src/isp_awb_algo.c ****   memset(&ISP_AWB_CurrStats, 0, sizeof(ISP_AWB_CurrStats));
ARM GAS  /tmp/ccbmuWYg.s 			page 3


  55              		.loc 1 61 3 is_stmt 1 view .LVU6
  56 000e 3822     		movs	r2, #56
  57 0010 0021     		movs	r1, #0
  58 0012 2748     		ldr	r0, .L12+4
  59 0014 FFF7FEFF 		bl	memset
  60              	.LVL3:
  62:../Drivers/ISP/isp/Src/isp_awb_algo.c ****   memset(ISP_AWB_rbRatio, 0, sizeof(ISP_AWB_rbRatio));
  61              		.loc 1 62 3 view .LVU7
  62 0018 264A     		ldr	r2, .L12+8
  63 001a 0023     		movs	r3, #0
  64 001c 1360     		str	r3, [r2]
  65 001e 5360     		str	r3, [r2, #4]
  66 0020 9360     		str	r3, [r2, #8]
  67 0022 D360     		str	r3, [r2, #12]
  68 0024 1361     		str	r3, [r2, #16]
  63:../Drivers/ISP/isp/Src/isp_awb_algo.c ****   ISP_AWB_CurrTemp = 0;
  69              		.loc 1 63 3 view .LVU8
  70              		.loc 1 63 20 is_stmt 0 view .LVU9
  71 0026 244A     		ldr	r2, .L12+12
  72 0028 1360     		str	r3, [r2]
  64:../Drivers/ISP/isp/Src/isp_awb_algo.c ****   ISP_AWB_CurrColorConv.enable = 0;
  73              		.loc 1 64 3 is_stmt 1 view .LVU10
  74              		.loc 1 64 32 is_stmt 0 view .LVU11
  75 002a 244A     		ldr	r2, .L12+16
  76 002c 1370     		strb	r3, [r2]
  65:../Drivers/ISP/isp/Src/isp_awb_algo.c ****   ISP_AWB_CurrISPGain.enable = 0;
  77              		.loc 1 65 3 is_stmt 1 view .LVU12
  78              		.loc 1 65 30 is_stmt 0 view .LVU13
  79 002e 244A     		ldr	r2, .L12+20
  80 0030 1370     		strb	r3, [r2]
  66:../Drivers/ISP/isp/Src/isp_awb_algo.c ****   ISP_AWB_NbProfiles = 0;
  81              		.loc 1 66 3 is_stmt 1 view .LVU14
  82              		.loc 1 66 22 is_stmt 0 view .LVU15
  83 0032 244A     		ldr	r2, .L12+24
  84 0034 1360     		str	r3, [r2]
  67:../Drivers/ISP/isp/Src/isp_awb_algo.c **** 
  68:../Drivers/ISP/isp/Src/isp_awb_algo.c ****   /* Check that the R/G/B references are not 0 */
  69:../Drivers/ISP/isp/Src/isp_awb_algo.c ****   for (profId = 0; profId < ISP_AWB_COLORTEMP_REF && ISP_AWB_Config.referenceColorTemp[profId] != 0
  85              		.loc 1 69 3 is_stmt 1 view .LVU16
  86              	.LVL4:
  87              	.L2:
  88              		.loc 1 69 51 discriminator 2 view .LVU17
  89 0036 042B     		cmp	r3, #4
  90 0038 25D8     		bhi	.L6
  91              		.loc 1 69 87 is_stmt 0 discriminator 3 view .LVU18
  92 003a 03F12801 		add	r1, r3, #40
  93 003e 1B4A     		ldr	r2, .L12
  94 0040 02EB8102 		add	r2, r2, r1, lsl #2
  95 0044 5268     		ldr	r2, [r2, #4]
  96              		.loc 1 69 51 discriminator 3 view .LVU19
  97 0046 F2B1     		cbz	r2, .L6
  70:../Drivers/ISP/isp/Src/isp_awb_algo.c ****   {
  71:../Drivers/ISP/isp/Src/isp_awb_algo.c ****     if ((ISP_AWB_Config.referenceRGB[profId][0] == 0) ||
  98              		.loc 1 71 5 is_stmt 1 view .LVU20
  99              		.loc 1 71 45 is_stmt 0 view .LVU21
 100 0048 03EB4301 		add	r1, r3, r3, lsl #1
 101 004c 174A     		ldr	r2, .L12
ARM GAS  /tmp/ccbmuWYg.s 			page 4


 102 004e 0A44     		add	r2, r2, r1
 103 0050 92F8A821 		ldrb	r2, [r2, #424]	@ zero_extendqisi2
 104              		.loc 1 71 8 view .LVU22
 105 0054 2AB3     		cbz	r2, .L3
  72:../Drivers/ISP/isp/Src/isp_awb_algo.c ****         (ISP_AWB_Config.referenceRGB[profId][1] == 0) ||
 106              		.loc 1 72 45 view .LVU23
 107 0056 0846     		mov	r0, r1
 108 0058 1449     		ldr	r1, .L12
 109 005a 0144     		add	r1, r1, r0
 110 005c 91F8A911 		ldrb	r1, [r1, #425]	@ zero_extendqisi2
  71:../Drivers/ISP/isp/Src/isp_awb_algo.c ****         (ISP_AWB_Config.referenceRGB[profId][1] == 0) ||
 111              		.loc 1 71 55 discriminator 1 view .LVU24
 112 0060 F9B1     		cbz	r1, .L3
  73:../Drivers/ISP/isp/Src/isp_awb_algo.c ****         (ISP_AWB_Config.referenceRGB[profId][2] == 0))
 113              		.loc 1 73 45 view .LVU25
 114 0062 03EB4300 		add	r0, r3, r3, lsl #1
 115 0066 1149     		ldr	r1, .L12
 116 0068 0144     		add	r1, r1, r0
 117 006a 91F8AA11 		ldrb	r1, [r1, #426]	@ zero_extendqisi2
  72:../Drivers/ISP/isp/Src/isp_awb_algo.c ****         (ISP_AWB_Config.referenceRGB[profId][1] == 0) ||
 118              		.loc 1 72 55 discriminator 1 view .LVU26
 119 006e C1B1     		cbz	r1, .L3
  74:../Drivers/ISP/isp/Src/isp_awb_algo.c ****     {
  75:../Drivers/ISP/isp/Src/isp_awb_algo.c ****       return ISP_ERR_AWB;
  76:../Drivers/ISP/isp/Src/isp_awb_algo.c ****     }
  77:../Drivers/ISP/isp/Src/isp_awb_algo.c ****     ISP_AWB_rbRatio[profId] = (1000U * ISP_AWB_Config.referenceRGB[profId][0]) / ISP_AWB_Config.ref
 120              		.loc 1 77 5 is_stmt 1 view .LVU27
 121              		.loc 1 77 38 is_stmt 0 view .LVU28
 122 0070 4FF47A70 		mov	r0, #1000
 123 0074 00FB02F2 		mul	r2, r0, r2
 124              		.loc 1 77 80 view .LVU29
 125 0078 B2FBF1F2 		udiv	r2, r2, r1
 126              		.loc 1 77 29 view .LVU30
 127 007c 0D49     		ldr	r1, .L12+8
 128 007e 41F82320 		str	r2, [r1, r3, lsl #2]
  69:../Drivers/ISP/isp/Src/isp_awb_algo.c ****   {
 129              		.loc 1 69 108 is_stmt 1 discriminator 1 view .LVU31
 130 0082 0133     		adds	r3, r3, #1
 131              	.LVL5:
  69:../Drivers/ISP/isp/Src/isp_awb_algo.c ****   {
 132              		.loc 1 69 108 is_stmt 0 discriminator 1 view .LVU32
 133 0084 D7E7     		b	.L2
 134              	.LVL6:
 135              	.L6:
  78:../Drivers/ISP/isp/Src/isp_awb_algo.c ****   }
  79:../Drivers/ISP/isp/Src/isp_awb_algo.c ****   ISP_AWB_NbProfiles = profId;
 136              		.loc 1 79 3 is_stmt 1 view .LVU33
 137              		.loc 1 79 22 is_stmt 0 view .LVU34
 138 0086 0F4A     		ldr	r2, .L12+24
 139 0088 1360     		str	r3, [r2]
  80:../Drivers/ISP/isp/Src/isp_awb_algo.c **** 
  81:../Drivers/ISP/isp/Src/isp_awb_algo.c ****   /* Check that the R/B ratio are sorted in decreasing order */
  82:../Drivers/ISP/isp/Src/isp_awb_algo.c ****   for (profId = 0; profId < ISP_AWB_NbProfiles - 1; profId++)
 140              		.loc 1 82 3 is_stmt 1 view .LVU35
 141              	.LVL7:
 142              		.loc 1 82 15 is_stmt 0 view .LVU36
 143 008a 0022     		movs	r2, #0
ARM GAS  /tmp/ccbmuWYg.s 			page 5


 144              	.LVL8:
 145              	.L8:
 146              		.loc 1 82 27 is_stmt 1 discriminator 2 view .LVU37
 147              		.loc 1 82 48 is_stmt 0 discriminator 2 view .LVU38
 148 008c 591E     		subs	r1, r3, #1
 149              		.loc 1 82 27 discriminator 2 view .LVU39
 150 008e 9142     		cmp	r1, r2
 151 0090 09D9     		bls	.L11
  83:../Drivers/ISP/isp/Src/isp_awb_algo.c ****   {
  84:../Drivers/ISP/isp/Src/isp_awb_algo.c ****     if (ISP_AWB_rbRatio[profId] <= ISP_AWB_rbRatio[profId + 1])
 152              		.loc 1 84 5 is_stmt 1 view .LVU40
 153              		.loc 1 84 24 is_stmt 0 view .LVU41
 154 0092 0849     		ldr	r1, .L12+8
 155 0094 51F82200 		ldr	r0, [r1, r2, lsl #2]
 156              		.loc 1 84 59 view .LVU42
 157 0098 0132     		adds	r2, r2, #1
 158              	.LVL9:
 159              		.loc 1 84 51 view .LVU43
 160 009a 51F82210 		ldr	r1, [r1, r2, lsl #2]
 161              		.loc 1 84 8 view .LVU44
 162 009e 8842     		cmp	r0, r1
 163 00a0 F4D8     		bhi	.L8
 164              	.LVL10:
 165              	.L3:
  75:../Drivers/ISP/isp/Src/isp_awb_algo.c ****     }
 166              		.loc 1 75 14 view .LVU45
 167 00a2 D220     		movs	r0, #210
 168              	.L5:
  85:../Drivers/ISP/isp/Src/isp_awb_algo.c ****     {
  86:../Drivers/ISP/isp/Src/isp_awb_algo.c ****       return ISP_ERR_AWB;
  87:../Drivers/ISP/isp/Src/isp_awb_algo.c ****     }
  88:../Drivers/ISP/isp/Src/isp_awb_algo.c ****   }
  89:../Drivers/ISP/isp/Src/isp_awb_algo.c **** 
  90:../Drivers/ISP/isp/Src/isp_awb_algo.c ****   return ISP_OK;
  91:../Drivers/ISP/isp/Src/isp_awb_algo.c **** }
 169              		.loc 1 91 1 view .LVU46
 170 00a4 08BD     		pop	{r3, pc}
 171              	.LVL11:
 172              	.L11:
  90:../Drivers/ISP/isp/Src/isp_awb_algo.c **** }
 173              		.loc 1 90 10 view .LVU47
 174 00a6 0020     		movs	r0, #0
 175 00a8 FCE7     		b	.L5
 176              	.L13:
 177 00aa 00BF     		.align	2
 178              	.L12:
 179 00ac 00000000 		.word	ISP_AWB_Config
 180 00b0 00000000 		.word	ISP_AWB_CurrStats
 181 00b4 00000000 		.word	ISP_AWB_rbRatio
 182 00b8 00000000 		.word	ISP_AWB_CurrTemp
 183 00bc 00000000 		.word	ISP_AWB_CurrColorConv
 184 00c0 00000000 		.word	ISP_AWB_CurrISPGain
 185 00c4 00000000 		.word	ISP_AWB_NbProfiles
 186              		.cfi_endproc
 187              	.LFE884:
 189              		.section	.text.ISP_AWB_GetConfig,"ax",%progbits
 190              		.align	1
ARM GAS  /tmp/ccbmuWYg.s 			page 6


 191              		.global	ISP_AWB_GetConfig
 192              		.syntax unified
 193              		.thumb
 194              		.thumb_func
 196              	ISP_AWB_GetConfig:
 197              	.LVL12:
 198              	.LFB885:
  92:../Drivers/ISP/isp/Src/isp_awb_algo.c **** 
  93:../Drivers/ISP/isp/Src/isp_awb_algo.c **** /**
  94:../Drivers/ISP/isp/Src/isp_awb_algo.c ****   * @brief  ISP_AWB_GetConfig
  95:../Drivers/ISP/isp/Src/isp_awb_algo.c ****   *         Evaluate from the input statistics, the Color Temperature and the white-balanced
  96:../Drivers/ISP/isp/Src/isp_awb_algo.c ****   *         ColorConv and Gain configuration.
  97:../Drivers/ISP/isp/Src/isp_awb_algo.c ****   * @param  pStats: pointer to the current RGB statistics
  98:../Drivers/ISP/isp/Src/isp_awb_algo.c ****   * @param  pColorConvConfig: pointer to the output Color Conversion configuration
  99:../Drivers/ISP/isp/Src/isp_awb_algo.c ****   * @param  pISPGainConfig: pointer to the output ISP Gain configuration
 100:../Drivers/ISP/isp/Src/isp_awb_algo.c ****   * @param  pColorTemp: pointer to the output estimated color temperature
 101:../Drivers/ISP/isp/Src/isp_awb_algo.c ****   * @retval operation result
 102:../Drivers/ISP/isp/Src/isp_awb_algo.c ****   */
 103:../Drivers/ISP/isp/Src/isp_awb_algo.c **** ISP_StatusTypeDef ISP_AWB_GetConfig(ISP_StatisticsTypeDef *pStats, ISP_ColorConvTypeDef *pColorConv
 104:../Drivers/ISP/isp/Src/isp_awb_algo.c **** {
 199              		.loc 1 104 1 is_stmt 1 view -0
 200              		.cfi_startproc
 201              		@ args = 0, pretend = 0, frame = 0
 202              		@ frame_needed = 0, uses_anonymous_args = 0
 203              		.loc 1 104 1 is_stmt 0 view .LVU49
 204 0000 2DE9F84F 		push	{r3, r4, r5, r6, r7, r8, r9, r10, fp, lr}
 205              	.LCFI1:
 206              		.cfi_def_cfa_offset 40
 207              		.cfi_offset 3, -40
 208              		.cfi_offset 4, -36
 209              		.cfi_offset 5, -32
 210              		.cfi_offset 6, -28
 211              		.cfi_offset 7, -24
 212              		.cfi_offset 8, -20
 213              		.cfi_offset 9, -16
 214              		.cfi_offset 10, -12
 215              		.cfi_offset 11, -8
 216              		.cfi_offset 14, -4
 217 0004 2DED028B 		vpush.64	{d8}
 218              	.LCFI2:
 219              		.cfi_def_cfa_offset 48
 220              		.cfi_offset 80, -48
 221              		.cfi_offset 81, -44
 222 0008 0446     		mov	r4, r0
 223 000a 0F46     		mov	r7, r1
 224 000c 9146     		mov	r9, r2
 225 000e 9B46     		mov	fp, r3
 105:../Drivers/ISP/isp/Src/isp_awb_algo.c ****   int exactProfId;
 226              		.loc 1 105 3 is_stmt 1 view .LVU50
 106:../Drivers/ISP/isp/Src/isp_awb_algo.c ****   double interpolRatio = 0.0;
 227              		.loc 1 106 3 view .LVU51
 228              	.LVL13:
 107:../Drivers/ISP/isp/Src/isp_awb_algo.c ****   uint32_t rb_ratio, profId, upProfId = 0, downProfId = 0;
 229              		.loc 1 107 3 view .LVU52
 108:../Drivers/ISP/isp/Src/isp_awb_algo.c ****   int64_t i64;
 230              		.loc 1 108 3 view .LVU53
 109:../Drivers/ISP/isp/Src/isp_awb_algo.c ****   int i, j;
ARM GAS  /tmp/ccbmuWYg.s 			page 7


 231              		.loc 1 109 3 view .LVU54
 110:../Drivers/ISP/isp/Src/isp_awb_algo.c **** 
 111:../Drivers/ISP/isp/Src/isp_awb_algo.c ****   rb_ratio = pStats->averageB != 0 ? (uint32_t)(pStats->averageR * 1000 / pStats->averageB) : ISP_A
 232              		.loc 1 111 3 view .LVU55
 233              		.loc 1 111 20 is_stmt 0 view .LVU56
 234 0010 8278     		ldrb	r2, [r0, #2]	@ zero_extendqisi2
 235              	.LVL14:
 236              		.loc 1 111 93 view .LVU57
 237 0012 002A     		cmp	r2, #0
 238 0014 31D0     		beq	.L15
 239              		.loc 1 111 55 discriminator 1 view .LVU58
 240 0016 0678     		ldrb	r6, [r0]	@ zero_extendqisi2
 241              		.loc 1 111 66 discriminator 1 view .LVU59
 242 0018 4FF47A73 		mov	r3, #1000
 243              	.LVL15:
 244              		.loc 1 111 66 discriminator 1 view .LVU60
 245 001c 03FB06F6 		mul	r6, r3, r6
 246              		.loc 1 111 73 discriminator 1 view .LVU61
 247 0020 96FBF2F6 		sdiv	r6, r6, r2
 248              	.LVL16:
 249              	.L16:
 112:../Drivers/ISP/isp/Src/isp_awb_algo.c **** 
 113:../Drivers/ISP/isp/Src/isp_awb_algo.c ****   /* Anti oscillation : if the statistics did not 'really' change, just return the last parameters 
 114:../Drivers/ISP/isp/Src/isp_awb_algo.c ****   if ((abs(pStats->averageR - ISP_AWB_CurrStats.averageR) <= ISP_AWB_STAT_NO_CHANGE) &&
 250              		.loc 1 114 3 is_stmt 1 view .LVU62
 251              		.loc 1 114 18 is_stmt 0 view .LVU63
 252 0024 2378     		ldrb	r3, [r4]	@ zero_extendqisi2
 253              		.loc 1 114 48 view .LVU64
 254 0026 BC49     		ldr	r1, .L45+24
 255              	.LVL17:
 256              		.loc 1 114 48 view .LVU65
 257 0028 0978     		ldrb	r1, [r1]	@ zero_extendqisi2
 258              		.loc 1 114 29 view .LVU66
 259 002a 5B1A     		subs	r3, r3, r1
 260              		.loc 1 114 59 view .LVU67
 261 002c 0133     		adds	r3, r3, #1
 262              		.loc 1 114 6 view .LVU68
 263 002e 022B     		cmp	r3, #2
 264 0030 0CD8     		bhi	.L17
 115:../Drivers/ISP/isp/Src/isp_awb_algo.c ****       (abs(pStats->averageG - ISP_AWB_CurrStats.averageG) <= ISP_AWB_STAT_NO_CHANGE) &&
 265              		.loc 1 115 18 view .LVU69
 266 0032 6378     		ldrb	r3, [r4, #1]	@ zero_extendqisi2
 267              		.loc 1 115 48 view .LVU70
 268 0034 B849     		ldr	r1, .L45+24
 269 0036 4978     		ldrb	r1, [r1, #1]	@ zero_extendqisi2
 270              		.loc 1 115 29 view .LVU71
 271 0038 5B1A     		subs	r3, r3, r1
 272              		.loc 1 115 59 view .LVU72
 273 003a 0133     		adds	r3, r3, #1
 114:../Drivers/ISP/isp/Src/isp_awb_algo.c ****       (abs(pStats->averageG - ISP_AWB_CurrStats.averageG) <= ISP_AWB_STAT_NO_CHANGE) &&
 274              		.loc 1 114 86 discriminator 1 view .LVU73
 275 003c 022B     		cmp	r3, #2
 276 003e 05D8     		bhi	.L17
 116:../Drivers/ISP/isp/Src/isp_awb_algo.c ****       (abs(pStats->averageB - ISP_AWB_CurrStats.averageB) <= ISP_AWB_STAT_NO_CHANGE))
 277              		.loc 1 116 48 view .LVU74
 278 0040 B54B     		ldr	r3, .L45+24
 279 0042 9B78     		ldrb	r3, [r3, #2]	@ zero_extendqisi2
ARM GAS  /tmp/ccbmuWYg.s 			page 8


 280              		.loc 1 116 29 view .LVU75
 281 0044 D21A     		subs	r2, r2, r3
 282              		.loc 1 116 59 view .LVU76
 283 0046 0132     		adds	r2, r2, #1
 115:../Drivers/ISP/isp/Src/isp_awb_algo.c ****       (abs(pStats->averageG - ISP_AWB_CurrStats.averageG) <= ISP_AWB_STAT_NO_CHANGE) &&
 284              		.loc 1 115 86 discriminator 1 view .LVU77
 285 0048 022A     		cmp	r2, #2
 286 004a 19D9     		bls	.L41
 287              	.L17:
 117:../Drivers/ISP/isp/Src/isp_awb_algo.c ****   {
 118:../Drivers/ISP/isp/Src/isp_awb_algo.c **** #ifdef ALGO_AWB_DBG_LOGS
 119:../Drivers/ISP/isp/Src/isp_awb_algo.c ****     printf("R/B=%4"PRIu32"  -  No change  -  ColorTemp = %"PRIu32"\r\n", rb_ratio, ISP_AWB_CurrTemp
 120:../Drivers/ISP/isp/Src/isp_awb_algo.c **** #endif
 121:../Drivers/ISP/isp/Src/isp_awb_algo.c ****     *pColorConvConfig = ISP_AWB_CurrColorConv;
 122:../Drivers/ISP/isp/Src/isp_awb_algo.c ****     *pISPGainConfig = ISP_AWB_CurrISPGain;
 123:../Drivers/ISP/isp/Src/isp_awb_algo.c ****     *pColorTemp = ISP_AWB_CurrTemp;
 124:../Drivers/ISP/isp/Src/isp_awb_algo.c ****     return ISP_OK;
 125:../Drivers/ISP/isp/Src/isp_awb_algo.c ****   }
 126:../Drivers/ISP/isp/Src/isp_awb_algo.c ****   ISP_AWB_CurrStats = *pStats;
 288              		.loc 1 126 3 is_stmt 1 view .LVU78
 289              		.loc 1 126 21 is_stmt 0 view .LVU79
 290 004c B24D     		ldr	r5, .L45+24
 291 004e 0FCC     		ldmia	r4!, {r0, r1, r2, r3}
 292              	.LVL18:
 293              		.loc 1 126 21 view .LVU80
 294 0050 0FC5     		stmia	r5!, {r0, r1, r2, r3}
 295 0052 0FCC     		ldmia	r4!, {r0, r1, r2, r3}
 296              	.LVL19:
 297              		.loc 1 126 21 view .LVU81
 298 0054 0FC5     		stmia	r5!, {r0, r1, r2, r3}
 299 0056 0FCC     		ldmia	r4!, {r0, r1, r2, r3}
 300              	.LVL20:
 301              		.loc 1 126 21 view .LVU82
 302 0058 0FC5     		stmia	r5!, {r0, r1, r2, r3}
 303 005a 94E80300 		ldm	r4, {r0, r1}
 304 005e 85E80300 		stm	r5, {r0, r1}
 127:../Drivers/ISP/isp/Src/isp_awb_algo.c **** 
 128:../Drivers/ISP/isp/Src/isp_awb_algo.c ****   /* Find the two (up and down) profiles where R/B enclose the reported R/B */
 129:../Drivers/ISP/isp/Src/isp_awb_algo.c ****   for (profId = 0; profId < ISP_AWB_NbProfiles; profId++)
 305              		.loc 1 129 3 is_stmt 1 view .LVU83
 306              	.LVL21:
 307              		.loc 1 129 15 is_stmt 0 view .LVU84
 308 0062 0024     		movs	r4, #0
 309              	.LVL22:
 310              	.L19:
 311              		.loc 1 129 27 is_stmt 1 discriminator 2 view .LVU85
 312 0064 AD4B     		ldr	r3, .L45+28
 313 0066 1B68     		ldr	r3, [r3]
 314 0068 A342     		cmp	r3, r4
 315 006a 1BD9     		bls	.L20
 130:../Drivers/ISP/isp/Src/isp_awb_algo.c ****   {
 131:../Drivers/ISP/isp/Src/isp_awb_algo.c ****     if (rb_ratio > ISP_AWB_rbRatio[profId])
 316              		.loc 1 131 5 view .LVU86
 317              		.loc 1 131 35 is_stmt 0 view .LVU87
 318 006c AC4A     		ldr	r2, .L45+32
 319 006e 52F82420 		ldr	r2, [r2, r4, lsl #2]
 320              		.loc 1 131 8 view .LVU88
ARM GAS  /tmp/ccbmuWYg.s 			page 9


 321 0072 B242     		cmp	r2, r6
 322 0074 16D3     		bcc	.L20
 129:../Drivers/ISP/isp/Src/isp_awb_algo.c ****   {
 323              		.loc 1 129 55 is_stmt 1 discriminator 1 view .LVU89
 324 0076 0134     		adds	r4, r4, #1
 325              	.LVL23:
 129:../Drivers/ISP/isp/Src/isp_awb_algo.c ****   {
 326              		.loc 1 129 55 is_stmt 0 discriminator 1 view .LVU90
 327 0078 F4E7     		b	.L19
 328              	.LVL24:
 329              	.L15:
 111:../Drivers/ISP/isp/Src/isp_awb_algo.c **** 
 330              		.loc 1 111 12 discriminator 2 view .LVU91
 331 007a A94B     		ldr	r3, .L45+32
 332              	.LVL25:
 111:../Drivers/ISP/isp/Src/isp_awb_algo.c **** 
 333              		.loc 1 111 12 discriminator 2 view .LVU92
 334 007c 1E68     		ldr	r6, [r3]
 335 007e D1E7     		b	.L16
 336              	.LVL26:
 337              	.L41:
 121:../Drivers/ISP/isp/Src/isp_awb_algo.c ****     *pISPGainConfig = ISP_AWB_CurrISPGain;
 338              		.loc 1 121 5 is_stmt 1 view .LVU93
 121:../Drivers/ISP/isp/Src/isp_awb_algo.c ****     *pISPGainConfig = ISP_AWB_CurrISPGain;
 339              		.loc 1 121 23 is_stmt 0 view .LVU94
 340 0080 A84C     		ldr	r4, .L45+36
 341 0082 0FCC     		ldmia	r4!, {r0, r1, r2, r3}
 342              	.LVL27:
 121:../Drivers/ISP/isp/Src/isp_awb_algo.c ****     *pISPGainConfig = ISP_AWB_CurrISPGain;
 343              		.loc 1 121 23 view .LVU95
 344 0084 0FC7     		stmia	r7!, {r0, r1, r2, r3}
 345              	.LVL28:
 121:../Drivers/ISP/isp/Src/isp_awb_algo.c ****     *pISPGainConfig = ISP_AWB_CurrISPGain;
 346              		.loc 1 121 23 view .LVU96
 347 0086 0FCC     		ldmia	r4!, {r0, r1, r2, r3}
 348 0088 0FC7     		stmia	r7!, {r0, r1, r2, r3}
 349              	.LVL29:
 121:../Drivers/ISP/isp/Src/isp_awb_algo.c ****     *pISPGainConfig = ISP_AWB_CurrISPGain;
 350              		.loc 1 121 23 view .LVU97
 351 008a 94E80300 		ldm	r4, {r0, r1}
 352 008e 87E80300 		stm	r7, {r0, r1}
 122:../Drivers/ISP/isp/Src/isp_awb_algo.c ****     *pColorTemp = ISP_AWB_CurrTemp;
 353              		.loc 1 122 5 is_stmt 1 view .LVU98
 122:../Drivers/ISP/isp/Src/isp_awb_algo.c ****     *pColorTemp = ISP_AWB_CurrTemp;
 354              		.loc 1 122 21 is_stmt 0 view .LVU99
 355 0092 A54B     		ldr	r3, .L45+40
 356 0094 0FCB     		ldm	r3, {r0, r1, r2, r3}
 357 0096 89E80F00 		stm	r9, {r0, r1, r2, r3}
 123:../Drivers/ISP/isp/Src/isp_awb_algo.c ****     return ISP_OK;
 358              		.loc 1 123 5 is_stmt 1 view .LVU100
 123:../Drivers/ISP/isp/Src/isp_awb_algo.c ****     return ISP_OK;
 359              		.loc 1 123 17 is_stmt 0 view .LVU101
 360 009a A44B     		ldr	r3, .L45+44
 361 009c 1B68     		ldr	r3, [r3]
 362 009e CBF80030 		str	r3, [fp]
 124:../Drivers/ISP/isp/Src/isp_awb_algo.c ****   }
 363              		.loc 1 124 5 is_stmt 1 view .LVU102
ARM GAS  /tmp/ccbmuWYg.s 			page 10


 124:../Drivers/ISP/isp/Src/isp_awb_algo.c ****   }
 364              		.loc 1 124 12 is_stmt 0 view .LVU103
 365 00a2 26E1     		b	.L18
 366              	.LVL30:
 367              	.L20:
 132:../Drivers/ISP/isp/Src/isp_awb_algo.c ****       break;
 133:../Drivers/ISP/isp/Src/isp_awb_algo.c ****   }
 134:../Drivers/ISP/isp/Src/isp_awb_algo.c **** 
 135:../Drivers/ISP/isp/Src/isp_awb_algo.c ****   if (profId == 0)
 368              		.loc 1 135 3 is_stmt 1 view .LVU104
 369              		.loc 1 135 6 is_stmt 0 view .LVU105
 370 00a4 64B3     		cbz	r4, .L32
 136:../Drivers/ISP/isp/Src/isp_awb_algo.c ****   {
 137:../Drivers/ISP/isp/Src/isp_awb_algo.c ****     /* R/B ratio is greater than the largest reference. Select the first profile (lowest color temp
 138:../Drivers/ISP/isp/Src/isp_awb_algo.c ****     exactProfId = 0;
 139:../Drivers/ISP/isp/Src/isp_awb_algo.c ****   }
 140:../Drivers/ISP/isp/Src/isp_awb_algo.c ****   else if (profId == ISP_AWB_NbProfiles)
 371              		.loc 1 140 8 is_stmt 1 view .LVU106
 372              		.loc 1 140 11 is_stmt 0 view .LVU107
 373 00a6 A342     		cmp	r3, r4
 374 00a8 1BD0     		beq	.L42
 141:../Drivers/ISP/isp/Src/isp_awb_algo.c ****   {
 142:../Drivers/ISP/isp/Src/isp_awb_algo.c ****     /* R/B ratio is lower than the lowest reference. Select the last defined profile (highest color
 143:../Drivers/ISP/isp/Src/isp_awb_algo.c ****     exactProfId = (int)profId - 1;
 144:../Drivers/ISP/isp/Src/isp_awb_algo.c ****   }
 145:../Drivers/ISP/isp/Src/isp_awb_algo.c ****   else
 146:../Drivers/ISP/isp/Src/isp_awb_algo.c ****   {
 147:../Drivers/ISP/isp/Src/isp_awb_algo.c ****     /* Between two profiles. Evaluate the interpolation ratio between these profiles */
 148:../Drivers/ISP/isp/Src/isp_awb_algo.c ****     exactProfId = -1;
 375              		.loc 1 148 5 is_stmt 1 view .LVU108
 376              	.LVL31:
 149:../Drivers/ISP/isp/Src/isp_awb_algo.c ****     upProfId = profId;
 377              		.loc 1 149 5 view .LVU109
 150:../Drivers/ISP/isp/Src/isp_awb_algo.c ****     downProfId = profId - 1;
 378              		.loc 1 150 5 view .LVU110
 379              		.loc 1 150 16 is_stmt 0 view .LVU111
 380 00aa 04F1FF3A 		add	r10, r4, #-1
 381              	.LVL32:
 151:../Drivers/ISP/isp/Src/isp_awb_algo.c ****     interpolRatio = (double)(ISP_AWB_rbRatio[downProfId] - rb_ratio) / (ISP_AWB_rbRatio[downProfId]
 382              		.loc 1 151 5 is_stmt 1 view .LVU112
 383              		.loc 1 151 45 is_stmt 0 view .LVU113
 384 00ae 9C4A     		ldr	r2, .L45+32
 385 00b0 52F82A30 		ldr	r3, [r2, r10, lsl #2]
 386              		.loc 1 151 58 view .LVU114
 387 00b4 9E1B     		subs	r6, r3, r6
 388              	.LVL33:
 389              		.loc 1 151 21 view .LVU115
 390 00b6 07EE906A 		vmov	s15, r6	@ int
 391 00ba B8EE677B 		vcvt.f64.u32	d7, s15
 392              		.loc 1 151 118 view .LVU116
 393 00be 52F82420 		ldr	r2, [r2, r4, lsl #2]
 394              		.loc 1 151 101 view .LVU117
 395 00c2 9B1A     		subs	r3, r3, r2
 396              		.loc 1 151 70 view .LVU118
 397 00c4 06EE903A 		vmov	s13, r3	@ int
 398 00c8 B8EE666B 		vcvt.f64.u32	d6, s13
 399              		.loc 1 151 19 view .LVU119
ARM GAS  /tmp/ccbmuWYg.s 			page 11


 400 00cc 87EE068B 		vdiv.f64	d8, d7, d6
 401              	.LVL34:
 152:../Drivers/ISP/isp/Src/isp_awb_algo.c **** 
 153:../Drivers/ISP/isp/Src/isp_awb_algo.c ****     /* Check if we are close to a profile, in which case we select it instead of interpolating */
 154:../Drivers/ISP/isp/Src/isp_awb_algo.c ****     if (interpolRatio <= ISP_AWB_STICKY)
 402              		.loc 1 154 5 is_stmt 1 view .LVU120
 403              		.loc 1 154 8 is_stmt 0 view .LVU121
 404 00d0 9FED8B7B 		vldr.64	d7, .L45
 405 00d4 B4EEC78B 		vcmpe.f64	d8, d7
 406 00d8 F1EE10FA 		vmrs	APSR_nzcv, FPSCR
 407 00dc 07D8     		bhi	.L38
 155:../Drivers/ISP/isp/Src/isp_awb_algo.c ****     {
 156:../Drivers/ISP/isp/Src/isp_awb_algo.c ****       /* Select the 'down' profile */
 157:../Drivers/ISP/isp/Src/isp_awb_algo.c **** #ifdef ALGO_AWB_DBG_LOGS
 158:../Drivers/ISP/isp/Src/isp_awb_algo.c ****       printf("R/B=%4"PRIu32"  -  Forcing down profile (ratio=%"PRIu16"%%)\r\n", rb_ratio, (int)(100
 159:../Drivers/ISP/isp/Src/isp_awb_algo.c **** #endif
 160:../Drivers/ISP/isp/Src/isp_awb_algo.c ****       exactProfId = (int)downProfId;
 408              		.loc 1 160 7 is_stmt 1 view .LVU122
 409              		.loc 1 160 19 is_stmt 0 view .LVU123
 410 00de 5146     		mov	r1, r10
 411              	.LVL35:
 412              		.loc 1 160 19 view .LVU124
 413 00e0 12E0     		b	.L22
 414              	.LVL36:
 415              	.L42:
 143:../Drivers/ISP/isp/Src/isp_awb_algo.c ****   }
 416              		.loc 1 143 5 is_stmt 1 view .LVU125
 143:../Drivers/ISP/isp/Src/isp_awb_algo.c ****   }
 417              		.loc 1 143 17 is_stmt 0 view .LVU126
 418 00e2 611E     		subs	r1, r4, #1
 419              	.LVL37:
 107:../Drivers/ISP/isp/Src/isp_awb_algo.c ****   int64_t i64;
 420              		.loc 1 107 44 view .LVU127
 421 00e4 0024     		movs	r4, #0
 422              	.LVL38:
 107:../Drivers/ISP/isp/Src/isp_awb_algo.c ****   int64_t i64;
 423              		.loc 1 107 30 view .LVU128
 424 00e6 A246     		mov	r10, r4
 106:../Drivers/ISP/isp/Src/isp_awb_algo.c ****   uint32_t rb_ratio, profId, upProfId = 0, downProfId = 0;
 425              		.loc 1 106 10 view .LVU129
 426 00e8 9FED878B 		vldr.64	d8, .L45+8
 427 00ec 0CE0     		b	.L22
 428              	.LVL39:
 429              	.L38:
 161:../Drivers/ISP/isp/Src/isp_awb_algo.c ****     }
 162:../Drivers/ISP/isp/Src/isp_awb_algo.c ****     else if (interpolRatio >= 1.0 - ISP_AWB_STICKY)
 430              		.loc 1 162 10 is_stmt 1 view .LVU130
 431              		.loc 1 162 13 is_stmt 0 view .LVU131
 432 00ee 9FED887B 		vldr.64	d7, .L45+16
 433 00f2 B4EEC78B 		vcmpe.f64	d8, d7
 434 00f6 F1EE10FA 		vmrs	APSR_nzcv, FPSCR
 435 00fa 0FDB     		blt	.L39
 163:../Drivers/ISP/isp/Src/isp_awb_algo.c ****     {
 164:../Drivers/ISP/isp/Src/isp_awb_algo.c ****       /* Select the 'up' profile */
 165:../Drivers/ISP/isp/Src/isp_awb_algo.c **** #ifdef ALGO_AWB_DBG_LOGS
 166:../Drivers/ISP/isp/Src/isp_awb_algo.c ****       printf("R/B=%4"PRIu32"  -  Forcing up profile (ratio=%"PRIu16"%%)\r\n", rb_ratio, (int)(100 *
 167:../Drivers/ISP/isp/Src/isp_awb_algo.c **** #endif
ARM GAS  /tmp/ccbmuWYg.s 			page 12


 168:../Drivers/ISP/isp/Src/isp_awb_algo.c ****       exactProfId = (int)upProfId;
 436              		.loc 1 168 7 is_stmt 1 view .LVU132
 437              		.loc 1 168 19 is_stmt 0 view .LVU133
 438 00fc 2146     		mov	r1, r4
 439              	.LVL40:
 440              		.loc 1 168 19 view .LVU134
 441 00fe 03E0     		b	.L22
 442              	.LVL41:
 443              	.L32:
 107:../Drivers/ISP/isp/Src/isp_awb_algo.c ****   int64_t i64;
 444              		.loc 1 107 44 view .LVU135
 445 0100 A246     		mov	r10, r4
 106:../Drivers/ISP/isp/Src/isp_awb_algo.c ****   uint32_t rb_ratio, profId, upProfId = 0, downProfId = 0;
 446              		.loc 1 106 10 view .LVU136
 447 0102 9FED818B 		vldr.64	d8, .L45+8
 138:../Drivers/ISP/isp/Src/isp_awb_algo.c ****   }
 448              		.loc 1 138 17 view .LVU137
 449 0106 2146     		mov	r1, r4
 450              	.LVL42:
 451              	.L22:
 169:../Drivers/ISP/isp/Src/isp_awb_algo.c ****     }
 170:../Drivers/ISP/isp/Src/isp_awb_algo.c ****   }
 171:../Drivers/ISP/isp/Src/isp_awb_algo.c **** 
 172:../Drivers/ISP/isp/Src/isp_awb_algo.c ****   /* Set the ColorConv and ISPGain configs */
 173:../Drivers/ISP/isp/Src/isp_awb_algo.c ****   pColorConvConfig->enable = 1;
 452              		.loc 1 173 3 is_stmt 1 view .LVU138
 453              		.loc 1 173 28 is_stmt 0 view .LVU139
 454 0108 0123     		movs	r3, #1
 455 010a 3B70     		strb	r3, [r7]
 174:../Drivers/ISP/isp/Src/isp_awb_algo.c ****   pISPGainConfig->enable = 1;
 456              		.loc 1 174 3 is_stmt 1 view .LVU140
 457              		.loc 1 174 26 is_stmt 0 view .LVU141
 458 010c 89F80030 		strb	r3, [r9]
 175:../Drivers/ISP/isp/Src/isp_awb_algo.c ****   /* Check if an 'exact' profile was found */
 176:../Drivers/ISP/isp/Src/isp_awb_algo.c ****   if (exactProfId != -1)
 459              		.loc 1 176 3 is_stmt 1 view .LVU142
 460              		.loc 1 176 6 is_stmt 0 view .LVU143
 461 0110 B1F1FF3F 		cmp	r1, #-1
 462 0114 05D1     		bne	.L43
 177:../Drivers/ISP/isp/Src/isp_awb_algo.c ****   {
 178:../Drivers/ISP/isp/Src/isp_awb_algo.c ****     /* Use the config of this selected profile */
 179:../Drivers/ISP/isp/Src/isp_awb_algo.c ****     memcpy(pColorConvConfig->coeff, ISP_AWB_Config.coeff[exactProfId], sizeof(pColorConvConfig->coe
 180:../Drivers/ISP/isp/Src/isp_awb_algo.c **** 
 181:../Drivers/ISP/isp/Src/isp_awb_algo.c ****     pISPGainConfig->ispGainR = ISP_AWB_Config.ispGainR[exactProfId];
 182:../Drivers/ISP/isp/Src/isp_awb_algo.c ****     pISPGainConfig->ispGainG = ISP_AWB_Config.ispGainG[exactProfId];
 183:../Drivers/ISP/isp/Src/isp_awb_algo.c ****     pISPGainConfig->ispGainB = ISP_AWB_Config.ispGainB[exactProfId];
 184:../Drivers/ISP/isp/Src/isp_awb_algo.c **** 
 185:../Drivers/ISP/isp/Src/isp_awb_algo.c ****     *pColorTemp = ISP_AWB_Config.referenceColorTemp[exactProfId];
 186:../Drivers/ISP/isp/Src/isp_awb_algo.c **** #ifdef ALGO_AWB_DBG_LOGS
 187:../Drivers/ISP/isp/Src/isp_awb_algo.c ****     printf("R/B=%4"PRIu32"  -  Profile exact:%"PRIu16"  -  ColorTemp = %"PRIu32"\r\n", rb_ratio, ex
 188:../Drivers/ISP/isp/Src/isp_awb_algo.c **** #endif
 189:../Drivers/ISP/isp/Src/isp_awb_algo.c ****   }
 190:../Drivers/ISP/isp/Src/isp_awb_algo.c ****   else
 191:../Drivers/ISP/isp/Src/isp_awb_algo.c ****   {
 192:../Drivers/ISP/isp/Src/isp_awb_algo.c ****     /* Compute the interpolated configurations */
 193:../Drivers/ISP/isp/Src/isp_awb_algo.c ****     for (i = 0; i < 3; i++)
 463              		.loc 1 193 12 view .LVU144
ARM GAS  /tmp/ccbmuWYg.s 			page 13


 464 0116 4FF00008 		mov	r8, #0
 465 011a 61E0     		b	.L27
 466              	.LVL43:
 467              	.L39:
 148:../Drivers/ISP/isp/Src/isp_awb_algo.c ****     upProfId = profId;
 468              		.loc 1 148 17 view .LVU145
 469 011c 4FF0FF31 		mov	r1, #-1
 470 0120 F2E7     		b	.L22
 471              	.LVL44:
 472              	.L43:
 179:../Drivers/ISP/isp/Src/isp_awb_algo.c **** 
 473              		.loc 1 179 5 is_stmt 1 view .LVU146
 179:../Drivers/ISP/isp/Src/isp_awb_algo.c **** 
 474              		.loc 1 179 57 is_stmt 0 view .LVU147
 475 0122 01EBC103 		add	r3, r1, r1, lsl #3
 476 0126 9B00     		lsls	r3, r3, #2
 477 0128 F033     		adds	r3, r3, #240
 478 012a 814A     		ldr	r2, .L45+48
 479 012c 1344     		add	r3, r3, r2
 480 012e 1A1D     		adds	r2, r3, #4
 179:../Drivers/ISP/isp/Src/isp_awb_algo.c **** 
 481              		.loc 1 179 5 view .LVU148
 482 0130 381D     		adds	r0, r7, #4
 483 0132 2433     		adds	r3, r3, #36
 484              	.LVL45:
 485              	.L28:
 179:../Drivers/ISP/isp/Src/isp_awb_algo.c **** 
 486              		.loc 1 179 5 view .LVU149
 487 0134 D2F800C0 		ldr	ip, [r2]	@ unaligned
 488 0138 5668     		ldr	r6, [r2, #4]	@ unaligned
 489 013a 9568     		ldr	r5, [r2, #8]	@ unaligned
 490 013c D468     		ldr	r4, [r2, #12]	@ unaligned
 491 013e C0F800C0 		str	ip, [r0]	@ unaligned
 492 0142 4660     		str	r6, [r0, #4]	@ unaligned
 493 0144 8560     		str	r5, [r0, #8]	@ unaligned
 494 0146 C460     		str	r4, [r0, #12]	@ unaligned
 495 0148 1032     		adds	r2, r2, #16
 496 014a 1030     		adds	r0, r0, #16
 497 014c 9A42     		cmp	r2, r3
 498 014e F1D1     		bne	.L28
 499 0150 1368     		ldr	r3, [r2]	@ unaligned
 500 0152 0360     		str	r3, [r0]	@ unaligned
 181:../Drivers/ISP/isp/Src/isp_awb_algo.c ****     pISPGainConfig->ispGainG = ISP_AWB_Config.ispGainG[exactProfId];
 501              		.loc 1 181 5 is_stmt 1 view .LVU150
 181:../Drivers/ISP/isp/Src/isp_awb_algo.c ****     pISPGainConfig->ispGainG = ISP_AWB_Config.ispGainG[exactProfId];
 502              		.loc 1 181 55 is_stmt 0 view .LVU151
 503 0154 764B     		ldr	r3, .L45+48
 504 0156 01F12E02 		add	r2, r1, #46
 505 015a 53F82220 		ldr	r2, [r3, r2, lsl #2]
 181:../Drivers/ISP/isp/Src/isp_awb_algo.c ****     pISPGainConfig->ispGainG = ISP_AWB_Config.ispGainG[exactProfId];
 506              		.loc 1 181 30 view .LVU152
 507 015e C9F80420 		str	r2, [r9, #4]
 182:../Drivers/ISP/isp/Src/isp_awb_algo.c ****     pISPGainConfig->ispGainB = ISP_AWB_Config.ispGainB[exactProfId];
 508              		.loc 1 182 5 is_stmt 1 view .LVU153
 182:../Drivers/ISP/isp/Src/isp_awb_algo.c ****     pISPGainConfig->ispGainB = ISP_AWB_Config.ispGainB[exactProfId];
 509              		.loc 1 182 55 is_stmt 0 view .LVU154
 510 0162 01F13202 		add	r2, r1, #50
ARM GAS  /tmp/ccbmuWYg.s 			page 14


 511 0166 03EB8202 		add	r2, r3, r2, lsl #2
 512 016a 5268     		ldr	r2, [r2, #4]
 182:../Drivers/ISP/isp/Src/isp_awb_algo.c ****     pISPGainConfig->ispGainB = ISP_AWB_Config.ispGainB[exactProfId];
 513              		.loc 1 182 30 view .LVU155
 514 016c C9F80820 		str	r2, [r9, #8]
 183:../Drivers/ISP/isp/Src/isp_awb_algo.c **** 
 515              		.loc 1 183 5 is_stmt 1 view .LVU156
 183:../Drivers/ISP/isp/Src/isp_awb_algo.c **** 
 516              		.loc 1 183 55 is_stmt 0 view .LVU157
 517 0170 01F13802 		add	r2, r1, #56
 518 0174 53F82220 		ldr	r2, [r3, r2, lsl #2]
 183:../Drivers/ISP/isp/Src/isp_awb_algo.c **** 
 519              		.loc 1 183 30 view .LVU158
 520 0178 C9F80C20 		str	r2, [r9, #12]
 185:../Drivers/ISP/isp/Src/isp_awb_algo.c **** #ifdef ALGO_AWB_DBG_LOGS
 521              		.loc 1 185 5 is_stmt 1 view .LVU159
 185:../Drivers/ISP/isp/Src/isp_awb_algo.c **** #ifdef ALGO_AWB_DBG_LOGS
 522              		.loc 1 185 52 is_stmt 0 view .LVU160
 523 017c 2831     		adds	r1, r1, #40
 524              	.LVL46:
 185:../Drivers/ISP/isp/Src/isp_awb_algo.c **** #ifdef ALGO_AWB_DBG_LOGS
 525              		.loc 1 185 52 view .LVU161
 526 017e 03EB8103 		add	r3, r3, r1, lsl #2
 527 0182 5B68     		ldr	r3, [r3, #4]
 185:../Drivers/ISP/isp/Src/isp_awb_algo.c **** #ifdef ALGO_AWB_DBG_LOGS
 528              		.loc 1 185 17 view .LVU162
 529 0184 CBF80030 		str	r3, [fp]
 530 0188 A1E0     		b	.L29
 531              	.LVL47:
 532              	.L30:
 194:../Drivers/ISP/isp/Src/isp_awb_algo.c ****     {
 195:../Drivers/ISP/isp/Src/isp_awb_algo.c ****       for (j = 0; j < 3; j++)
 196:../Drivers/ISP/isp/Src/isp_awb_algo.c ****       {
 197:../Drivers/ISP/isp/Src/isp_awb_algo.c ****        i64 = (int64_t)(ISP_AWB_Config.coeff[downProfId][i][j] + interpolRatio *
 533              		.loc 1 197 8 is_stmt 1 view .LVU163
 534              		.loc 1 197 59 is_stmt 0 view .LVU164
 535 018a 694A     		ldr	r2, .L45+48
 536 018c 08EB4805 		add	r5, r8, r8, lsl #1
 537 0190 0AEBCA03 		add	r3, r10, r10, lsl #3
 538 0194 2B44     		add	r3, r3, r5
 539 0196 3344     		add	r3, r3, r6
 540 0198 3C33     		adds	r3, r3, #60
 541 019a 02EB8303 		add	r3, r2, r3, lsl #2
 542 019e 5968     		ldr	r1, [r3, #4]
 198:../Drivers/ISP/isp/Src/isp_awb_algo.c ****              (ISP_AWB_Config.coeff[upProfId][i][j] - ISP_AWB_Config.coeff[downProfId][i][j]));
 543              		.loc 1 198 48 view .LVU165
 544 01a0 04EBC403 		add	r3, r4, r4, lsl #3
 545 01a4 2B44     		add	r3, r3, r5
 546 01a6 3344     		add	r3, r3, r6
 547 01a8 3C33     		adds	r3, r3, #60
 548 01aa 02EB8302 		add	r2, r2, r3, lsl #2
 549 01ae 5368     		ldr	r3, [r2, #4]
 550              		.loc 1 198 52 view .LVU166
 551 01b0 5B1A     		subs	r3, r3, r1
 197:../Drivers/ISP/isp/Src/isp_awb_algo.c ****              (ISP_AWB_Config.coeff[upProfId][i][j] - ISP_AWB_Config.coeff[downProfId][i][j]));
 552              		.loc 1 197 79 view .LVU167
 553 01b2 07EE903A 		vmov	s15, r3	@ int
ARM GAS  /tmp/ccbmuWYg.s 			page 15


 554 01b6 B8EEE77B 		vcvt.f64.s32	d7, s15
 197:../Drivers/ISP/isp/Src/isp_awb_algo.c ****              (ISP_AWB_Config.coeff[upProfId][i][j] - ISP_AWB_Config.coeff[downProfId][i][j]));
 555              		.loc 1 197 63 view .LVU168
 556 01ba 06EE901A 		vmov	s13, r1	@ int
 557 01be B8EEE66B 		vcvt.f64.s32	d6, s13
 197:../Drivers/ISP/isp/Src/isp_awb_algo.c ****              (ISP_AWB_Config.coeff[upProfId][i][j] - ISP_AWB_Config.coeff[downProfId][i][j]));
 558              		.loc 1 197 12 view .LVU169
 559 01c2 07EE086B 		vmla.f64	d6, d7, d8
 560 01c6 51EC160B 		vmov	r0, r1, d6
 561 01ca FFF7FEFF 		bl	__aeabi_d2lz
 562              	.LVL48:
 199:../Drivers/ISP/isp/Src/isp_awb_algo.c ****         pColorConvConfig->coeff[i][j] = (int32_t)i64;
 563              		.loc 1 199 9 is_stmt 1 view .LVU170
 564              		.loc 1 199 39 is_stmt 0 view .LVU171
 565 01ce 3544     		add	r5, r5, r6
 566 01d0 07EB8505 		add	r5, r7, r5, lsl #2
 567 01d4 6860     		str	r0, [r5, #4]
 195:../Drivers/ISP/isp/Src/isp_awb_algo.c ****       {
 568              		.loc 1 195 27 is_stmt 1 discriminator 1 view .LVU172
 569 01d6 0136     		adds	r6, r6, #1
 570              	.LVL49:
 571              	.L31:
 195:../Drivers/ISP/isp/Src/isp_awb_algo.c ****       {
 572              		.loc 1 195 21 discriminator 2 view .LVU173
 573 01d8 022E     		cmp	r6, #2
 574 01da D6DD     		ble	.L30
 193:../Drivers/ISP/isp/Src/isp_awb_algo.c ****     {
 575              		.loc 1 193 25 discriminator 1 view .LVU174
 576 01dc 08F10108 		add	r8, r8, #1
 577              	.LVL50:
 578              	.L27:
 193:../Drivers/ISP/isp/Src/isp_awb_algo.c ****     {
 579              		.loc 1 193 19 discriminator 2 view .LVU175
 580 01e0 B8F1020F 		cmp	r8, #2
 581 01e4 01DC     		bgt	.L44
 195:../Drivers/ISP/isp/Src/isp_awb_algo.c ****       {
 582              		.loc 1 195 14 is_stmt 0 view .LVU176
 583 01e6 0026     		movs	r6, #0
 584 01e8 F6E7     		b	.L31
 585              	.L44:
 200:../Drivers/ISP/isp/Src/isp_awb_algo.c ****       }
 201:../Drivers/ISP/isp/Src/isp_awb_algo.c ****     }
 202:../Drivers/ISP/isp/Src/isp_awb_algo.c **** 
 203:../Drivers/ISP/isp/Src/isp_awb_algo.c ****     i64 = (int64_t)(ISP_AWB_Config.ispGainR[downProfId] + interpolRatio *
 586              		.loc 1 203 5 is_stmt 1 view .LVU177
 587              		.loc 1 203 44 is_stmt 0 view .LVU178
 588 01ea 514D     		ldr	r5, .L45+48
 589 01ec 0AF12E03 		add	r3, r10, #46
 590 01f0 55F82380 		ldr	r8, [r5, r3, lsl #2]
 591              	.LVL51:
 204:../Drivers/ISP/isp/Src/isp_awb_algo.c ****           ((int64_t)ISP_AWB_Config.ispGainR[upProfId] - ISP_AWB_Config.ispGainR[downProfId]));
 592              		.loc 1 204 44 view .LVU179
 593 01f4 04F12E03 		add	r3, r4, #46
 594 01f8 55F82300 		ldr	r0, [r5, r3, lsl #2]
 595              		.loc 1 204 12 view .LVU180
 596 01fc 0026     		movs	r6, #0
 597              		.loc 1 204 55 view .LVU181
ARM GAS  /tmp/ccbmuWYg.s 			page 16


 598 01fe B0EB0800 		subs	r0, r0, r8
 599 0202 66EB0601 		sbc	r1, r6, r6
 203:../Drivers/ISP/isp/Src/isp_awb_algo.c ****           ((int64_t)ISP_AWB_Config.ispGainR[upProfId] - ISP_AWB_Config.ispGainR[downProfId]));
 600              		.loc 1 203 73 view .LVU182
 601 0206 FFF7FEFF 		bl	__aeabi_l2d
 602              	.LVL52:
 603 020a 41EC160B 		vmov	d6, r0, r1
 203:../Drivers/ISP/isp/Src/isp_awb_algo.c ****           ((int64_t)ISP_AWB_Config.ispGainR[upProfId] - ISP_AWB_Config.ispGainR[downProfId]));
 604              		.loc 1 203 57 view .LVU183
 605 020e 07EE908A 		vmov	s15, r8	@ int
 606 0212 B8EE677B 		vcvt.f64.u32	d7, s15
 203:../Drivers/ISP/isp/Src/isp_awb_algo.c ****           ((int64_t)ISP_AWB_Config.ispGainR[upProfId] - ISP_AWB_Config.ispGainR[downProfId]));
 607              		.loc 1 203 9 view .LVU184
 608 0216 06EE087B 		vmla.f64	d7, d6, d8
 609 021a 51EC170B 		vmov	r0, r1, d7
 610 021e FFF7FEFF 		bl	__aeabi_d2lz
 611              	.LVL53:
 205:../Drivers/ISP/isp/Src/isp_awb_algo.c ****     pISPGainConfig->ispGainR = (uint32_t)i64;
 612              		.loc 1 205 5 is_stmt 1 view .LVU185
 613              		.loc 1 205 30 is_stmt 0 view .LVU186
 614 0222 C9F80400 		str	r0, [r9, #4]
 206:../Drivers/ISP/isp/Src/isp_awb_algo.c ****     i64 = (int64_t)(ISP_AWB_Config.ispGainG[downProfId] + interpolRatio *
 615              		.loc 1 206 5 is_stmt 1 view .LVU187
 616              		.loc 1 206 44 is_stmt 0 view .LVU188
 617 0226 0AF13203 		add	r3, r10, #50
 618 022a 05EB8303 		add	r3, r5, r3, lsl #2
 619 022e D3F80480 		ldr	r8, [r3, #4]
 207:../Drivers/ISP/isp/Src/isp_awb_algo.c ****           ((int64_t)ISP_AWB_Config.ispGainG[upProfId] - ISP_AWB_Config.ispGainG[downProfId]));
 620              		.loc 1 207 44 view .LVU189
 621 0232 04F13203 		add	r3, r4, #50
 622 0236 05EB8303 		add	r3, r5, r3, lsl #2
 623 023a 5868     		ldr	r0, [r3, #4]
 624              	.LVL54:
 625              		.loc 1 207 55 view .LVU190
 626 023c B0EB0800 		subs	r0, r0, r8
 627 0240 66EB0601 		sbc	r1, r6, r6
 628              	.LVL55:
 206:../Drivers/ISP/isp/Src/isp_awb_algo.c ****     i64 = (int64_t)(ISP_AWB_Config.ispGainG[downProfId] + interpolRatio *
 629              		.loc 1 206 73 view .LVU191
 630 0244 FFF7FEFF 		bl	__aeabi_l2d
 631              	.LVL56:
 206:../Drivers/ISP/isp/Src/isp_awb_algo.c ****     i64 = (int64_t)(ISP_AWB_Config.ispGainG[downProfId] + interpolRatio *
 632              		.loc 1 206 73 view .LVU192
 633 0248 41EC160B 		vmov	d6, r0, r1
 206:../Drivers/ISP/isp/Src/isp_awb_algo.c ****     i64 = (int64_t)(ISP_AWB_Config.ispGainG[downProfId] + interpolRatio *
 634              		.loc 1 206 57 view .LVU193
 635 024c 07EE908A 		vmov	s15, r8	@ int
 636 0250 B8EE677B 		vcvt.f64.u32	d7, s15
 206:../Drivers/ISP/isp/Src/isp_awb_algo.c ****     i64 = (int64_t)(ISP_AWB_Config.ispGainG[downProfId] + interpolRatio *
 637              		.loc 1 206 9 view .LVU194
 638 0254 06EE087B 		vmla.f64	d7, d6, d8
 639 0258 51EC170B 		vmov	r0, r1, d7
 640 025c FFF7FEFF 		bl	__aeabi_d2lz
 641              	.LVL57:
 208:../Drivers/ISP/isp/Src/isp_awb_algo.c ****     pISPGainConfig->ispGainG = (uint32_t)i64;
 642              		.loc 1 208 5 is_stmt 1 view .LVU195
 643              		.loc 1 208 30 is_stmt 0 view .LVU196
ARM GAS  /tmp/ccbmuWYg.s 			page 17


 644 0260 C9F80800 		str	r0, [r9, #8]
 209:../Drivers/ISP/isp/Src/isp_awb_algo.c ****     i64 = (int64_t)(ISP_AWB_Config.ispGainB[downProfId] + interpolRatio *
 645              		.loc 1 209 5 is_stmt 1 view .LVU197
 646              		.loc 1 209 44 is_stmt 0 view .LVU198
 647 0264 0AF13803 		add	r3, r10, #56
 648 0268 55F82380 		ldr	r8, [r5, r3, lsl #2]
 210:../Drivers/ISP/isp/Src/isp_awb_algo.c ****           ((int64_t)ISP_AWB_Config.ispGainB[upProfId] - ISP_AWB_Config.ispGainB[downProfId]));
 649              		.loc 1 210 44 view .LVU199
 650 026c 04F13803 		add	r3, r4, #56
 651 0270 55F82300 		ldr	r0, [r5, r3, lsl #2]
 652              	.LVL58:
 653              		.loc 1 210 55 view .LVU200
 654 0274 B0EB0800 		subs	r0, r0, r8
 655 0278 66EB0601 		sbc	r1, r6, r6
 656              	.LVL59:
 209:../Drivers/ISP/isp/Src/isp_awb_algo.c ****     i64 = (int64_t)(ISP_AWB_Config.ispGainB[downProfId] + interpolRatio *
 657              		.loc 1 209 73 view .LVU201
 658 027c FFF7FEFF 		bl	__aeabi_l2d
 659              	.LVL60:
 209:../Drivers/ISP/isp/Src/isp_awb_algo.c ****     i64 = (int64_t)(ISP_AWB_Config.ispGainB[downProfId] + interpolRatio *
 660              		.loc 1 209 73 view .LVU202
 661 0280 41EC160B 		vmov	d6, r0, r1
 209:../Drivers/ISP/isp/Src/isp_awb_algo.c ****     i64 = (int64_t)(ISP_AWB_Config.ispGainB[downProfId] + interpolRatio *
 662              		.loc 1 209 57 view .LVU203
 663 0284 07EE908A 		vmov	s15, r8	@ int
 664 0288 B8EE677B 		vcvt.f64.u32	d7, s15
 209:../Drivers/ISP/isp/Src/isp_awb_algo.c ****     i64 = (int64_t)(ISP_AWB_Config.ispGainB[downProfId] + interpolRatio *
 665              		.loc 1 209 9 view .LVU204
 666 028c 06EE087B 		vmla.f64	d7, d6, d8
 667 0290 51EC170B 		vmov	r0, r1, d7
 668 0294 FFF7FEFF 		bl	__aeabi_d2lz
 669              	.LVL61:
 211:../Drivers/ISP/isp/Src/isp_awb_algo.c ****     pISPGainConfig->ispGainB = (uint32_t)i64;
 670              		.loc 1 211 5 is_stmt 1 view .LVU205
 671              		.loc 1 211 30 is_stmt 0 view .LVU206
 672 0298 C9F80C00 		str	r0, [r9, #12]
 212:../Drivers/ISP/isp/Src/isp_awb_algo.c **** 
 213:../Drivers/ISP/isp/Src/isp_awb_algo.c ****     *pColorTemp = (uint32_t)(ISP_AWB_Config.referenceColorTemp[downProfId] + interpolRatio *
 673              		.loc 1 213 5 is_stmt 1 view .LVU207
 674              		.loc 1 213 63 is_stmt 0 view .LVU208
 675 029c 0AF1280A 		add	r10, r10, #40
 676              	.LVL62:
 677              		.loc 1 213 63 view .LVU209
 678 02a0 05EB8A0A 		add	r10, r5, r10, lsl #2
 679              	.LVL63:
 680              		.loc 1 213 63 view .LVU210
 681 02a4 DAF80430 		ldr	r3, [r10, #4]
 214:../Drivers/ISP/isp/Src/isp_awb_algo.c ****                   (ISP_AWB_Config.referenceColorTemp[upProfId] - ISP_AWB_Config.referenceColorTemp[
 682              		.loc 1 214 53 view .LVU211
 683 02a8 2834     		adds	r4, r4, #40
 684              	.LVL64:
 685              		.loc 1 214 53 view .LVU212
 686 02aa 05EB8405 		add	r5, r5, r4, lsl #2
 687 02ae 6A68     		ldr	r2, [r5, #4]
 688              		.loc 1 214 64 view .LVU213
 689 02b0 D21A     		subs	r2, r2, r3
 213:../Drivers/ISP/isp/Src/isp_awb_algo.c ****                   (ISP_AWB_Config.referenceColorTemp[upProfId] - ISP_AWB_Config.referenceColorTemp[
ARM GAS  /tmp/ccbmuWYg.s 			page 18


 690              		.loc 1 213 92 view .LVU214
 691 02b2 07EE902A 		vmov	s15, r2	@ int
 692 02b6 B8EE676B 		vcvt.f64.u32	d6, s15
 213:../Drivers/ISP/isp/Src/isp_awb_algo.c ****                   (ISP_AWB_Config.referenceColorTemp[upProfId] - ISP_AWB_Config.referenceColorTemp[
 693              		.loc 1 213 76 view .LVU215
 694 02ba 07EE903A 		vmov	s15, r3	@ int
 695 02be B8EE677B 		vcvt.f64.u32	d7, s15
 696 02c2 06EE087B 		vmla.f64	d7, d6, d8
 213:../Drivers/ISP/isp/Src/isp_awb_algo.c ****                   (ISP_AWB_Config.referenceColorTemp[upProfId] - ISP_AWB_Config.referenceColorTemp[
 697              		.loc 1 213 19 view .LVU216
 698 02c6 BCEEC77B 		vcvt.u32.f64	s14, d7
 213:../Drivers/ISP/isp/Src/isp_awb_algo.c ****                   (ISP_AWB_Config.referenceColorTemp[upProfId] - ISP_AWB_Config.referenceColorTemp[
 699              		.loc 1 213 17 view .LVU217
 700 02ca 8BED007A 		vstr.32	s14, [fp]	@ int
 701              	.LVL65:
 702              	.L29:
 215:../Drivers/ISP/isp/Src/isp_awb_algo.c **** #ifdef ALGO_AWB_DBG_LOGS
 216:../Drivers/ISP/isp/Src/isp_awb_algo.c ****     printf("R/B=%4"PRIu32"  -  Profile between %"PRIu32" and %"PRIu32" (%"PRIu16"%%)  -  ColorTemp 
 217:../Drivers/ISP/isp/Src/isp_awb_algo.c **** #endif
 218:../Drivers/ISP/isp/Src/isp_awb_algo.c ****   }
 219:../Drivers/ISP/isp/Src/isp_awb_algo.c **** 
 220:../Drivers/ISP/isp/Src/isp_awb_algo.c ****   /* keep a copy of the last reported config */
 221:../Drivers/ISP/isp/Src/isp_awb_algo.c ****   ISP_AWB_CurrColorConv = *pColorConvConfig;
 703              		.loc 1 221 3 is_stmt 1 view .LVU218
 704              		.loc 1 221 25 is_stmt 0 view .LVU219
 705 02ce 154C     		ldr	r4, .L45+36
 706 02d0 0FCF     		ldmia	r7!, {r0, r1, r2, r3}
 707              	.LVL66:
 708              		.loc 1 221 25 view .LVU220
 709 02d2 0FC4     		stmia	r4!, {r0, r1, r2, r3}
 710 02d4 0FCF     		ldmia	r7!, {r0, r1, r2, r3}
 711              	.LVL67:
 712              		.loc 1 221 25 view .LVU221
 713 02d6 0FC4     		stmia	r4!, {r0, r1, r2, r3}
 714 02d8 97E80300 		ldm	r7, {r0, r1}
 715 02dc 84E80300 		stm	r4, {r0, r1}
 222:../Drivers/ISP/isp/Src/isp_awb_algo.c ****   ISP_AWB_CurrISPGain = *pISPGainConfig;
 716              		.loc 1 222 3 is_stmt 1 view .LVU222
 717              		.loc 1 222 23 is_stmt 0 view .LVU223
 718 02e0 114C     		ldr	r4, .L45+40
 719 02e2 99E80F00 		ldm	r9, {r0, r1, r2, r3}
 720 02e6 84E80F00 		stm	r4, {r0, r1, r2, r3}
 223:../Drivers/ISP/isp/Src/isp_awb_algo.c ****   ISP_AWB_CurrTemp = *pColorTemp;
 721              		.loc 1 223 3 is_stmt 1 view .LVU224
 722              		.loc 1 223 22 is_stmt 0 view .LVU225
 723 02ea DBF80020 		ldr	r2, [fp]
 724              		.loc 1 223 20 view .LVU226
 725 02ee 0F4B     		ldr	r3, .L45+44
 726 02f0 1A60     		str	r2, [r3]
 224:../Drivers/ISP/isp/Src/isp_awb_algo.c **** 
 225:../Drivers/ISP/isp/Src/isp_awb_algo.c ****   return ISP_OK;
 727              		.loc 1 225 3 is_stmt 1 view .LVU227
 728              	.LVL68:
 729              	.L18:
 226:../Drivers/ISP/isp/Src/isp_awb_algo.c **** }
 730              		.loc 1 226 1 is_stmt 0 view .LVU228
 731 02f2 0020     		movs	r0, #0
ARM GAS  /tmp/ccbmuWYg.s 			page 19


 732 02f4 BDEC028B 		vldm	sp!, {d8}
 733              	.LCFI3:
 734              		.cfi_restore 80
 735              		.cfi_restore 81
 736              		.cfi_def_cfa_offset 40
 737 02f8 BDE8F88F 		pop	{r3, r4, r5, r6, r7, r8, r9, r10, fp, pc}
 738              	.LVL69:
 739              	.L46:
 740              		.loc 1 226 1 view .LVU229
 741 02fc AFF30080 		.align	3
 742              	.L45:
 743 0300 9A999999 		.word	-1717986918
 744 0304 9999A93F 		.word	1068079513
 745 0308 00000000 		.word	0
 746 030c 00000000 		.word	0
 747 0310 66666666 		.word	1717986918
 748 0314 6666EE3F 		.word	1072588390
 749 0318 00000000 		.word	ISP_AWB_CurrStats
 750 031c 00000000 		.word	ISP_AWB_NbProfiles
 751 0320 00000000 		.word	ISP_AWB_rbRatio
 752 0324 00000000 		.word	ISP_AWB_CurrColorConv
 753 0328 00000000 		.word	ISP_AWB_CurrISPGain
 754 032c 00000000 		.word	ISP_AWB_CurrTemp
 755 0330 00000000 		.word	ISP_AWB_Config
 756              		.cfi_endproc
 757              	.LFE885:
 759              		.section	.bss.ISP_AWB_CurrISPGain,"aw",%nobits
 760              		.align	2
 763              	ISP_AWB_CurrISPGain:
 764 0000 00000000 		.space	16
 764      00000000 
 764      00000000 
 764      00000000 
 765              		.section	.bss.ISP_AWB_CurrColorConv,"aw",%nobits
 766              		.align	2
 769              	ISP_AWB_CurrColorConv:
 770 0000 00000000 		.space	40
 770      00000000 
 770      00000000 
 770      00000000 
 770      00000000 
 771              		.section	.bss.ISP_AWB_CurrTemp,"aw",%nobits
 772              		.align	2
 775              	ISP_AWB_CurrTemp:
 776 0000 00000000 		.space	4
 777              		.section	.bss.ISP_AWB_CurrStats,"aw",%nobits
 778              		.align	2
 781              	ISP_AWB_CurrStats:
 782 0000 00000000 		.space	56
 782      00000000 
 782      00000000 
 782      00000000 
 782      00000000 
 783              		.section	.bss.ISP_AWB_NbProfiles,"aw",%nobits
 784              		.align	2
 787              	ISP_AWB_NbProfiles:
 788 0000 00000000 		.space	4
ARM GAS  /tmp/ccbmuWYg.s 			page 20


 789              		.section	.bss.ISP_AWB_rbRatio,"aw",%nobits
 790              		.align	2
 793              	ISP_AWB_rbRatio:
 794 0000 00000000 		.space	20
 794      00000000 
 794      00000000 
 794      00000000 
 794      00000000 
 795              		.section	.bss.ISP_AWB_Config,"aw",%nobits
 796              		.align	2
 799              	ISP_AWB_Config:
 800 0000 00000000 		.space	440
 800      00000000 
 800      00000000 
 800      00000000 
 800      00000000 
 801              		.text
 802              	.Letext0:
 803              		.file 2 "/usr/arm-none-eabi/include/machine/_default_types.h"
 804              		.file 3 "/usr/arm-none-eabi/include/sys/_stdint.h"
 805              		.file 4 "../Drivers/ISP/isp/Inc/isp_core.h"
 806              		.file 5 "/usr/arm-none-eabi/include/string.h"
 807              		.file 6 "<built-in>"
ARM GAS  /tmp/ccbmuWYg.s 			page 21


DEFINED SYMBOLS
                            *ABS*:00000000 isp_awb_algo.c
     /tmp/ccbmuWYg.s:26     .text.ISP_AWB_Init:00000000 $t
     /tmp/ccbmuWYg.s:32     .text.ISP_AWB_Init:00000000 ISP_AWB_Init
     /tmp/ccbmuWYg.s:179    .text.ISP_AWB_Init:000000ac $d
     /tmp/ccbmuWYg.s:799    .bss.ISP_AWB_Config:00000000 ISP_AWB_Config
     /tmp/ccbmuWYg.s:781    .bss.ISP_AWB_CurrStats:00000000 ISP_AWB_CurrStats
     /tmp/ccbmuWYg.s:793    .bss.ISP_AWB_rbRatio:00000000 ISP_AWB_rbRatio
     /tmp/ccbmuWYg.s:775    .bss.ISP_AWB_CurrTemp:00000000 ISP_AWB_CurrTemp
     /tmp/ccbmuWYg.s:769    .bss.ISP_AWB_CurrColorConv:00000000 ISP_AWB_CurrColorConv
     /tmp/ccbmuWYg.s:763    .bss.ISP_AWB_CurrISPGain:00000000 ISP_AWB_CurrISPGain
     /tmp/ccbmuWYg.s:787    .bss.ISP_AWB_NbProfiles:00000000 ISP_AWB_NbProfiles
     /tmp/ccbmuWYg.s:190    .text.ISP_AWB_GetConfig:00000000 $t
     /tmp/ccbmuWYg.s:196    .text.ISP_AWB_GetConfig:00000000 ISP_AWB_GetConfig
     /tmp/ccbmuWYg.s:743    .text.ISP_AWB_GetConfig:00000300 $d
     /tmp/ccbmuWYg.s:760    .bss.ISP_AWB_CurrISPGain:00000000 $d
     /tmp/ccbmuWYg.s:766    .bss.ISP_AWB_CurrColorConv:00000000 $d
     /tmp/ccbmuWYg.s:772    .bss.ISP_AWB_CurrTemp:00000000 $d
     /tmp/ccbmuWYg.s:778    .bss.ISP_AWB_CurrStats:00000000 $d
     /tmp/ccbmuWYg.s:784    .bss.ISP_AWB_NbProfiles:00000000 $d
     /tmp/ccbmuWYg.s:790    .bss.ISP_AWB_rbRatio:00000000 $d
     /tmp/ccbmuWYg.s:796    .bss.ISP_AWB_Config:00000000 $d

UNDEFINED SYMBOLS
memcpy
memset
__aeabi_d2lz
__aeabi_l2d
