ARM GAS  /tmp/ccOe1ZGA.s 			page 1


   1              		.arch armv8.1-m.main
   2              		.fpu fpv5-d16
   3              		.arch_extension dsp
   4              		.arch_extension fp
   5              		.arch_extension fp.dp
   6              		.arch_extension mve
   7              		.arch_extension mve.fp
   8              		.eabi_attribute 5, "cortex-m55"
   9              		.eabi_attribute 28, 1
  10              		.eabi_attribute 20, 1
  11              		.eabi_attribute 21, 1
  12              		.eabi_attribute 23, 3
  13              		.eabi_attribute 24, 1
  14              		.eabi_attribute 25, 1
  15              		.eabi_attribute 26, 1
  16              		.eabi_attribute 30, 1
  17              		.eabi_attribute 34, 1
  18              		.eabi_attribute 38, 1
  19              		.eabi_attribute 18, 4
  20              		.file	"stm32n6xx_it.c"
  21              		.text
  22              	.Ltext0:
  23              		.cfi_sections	.debug_frame
  24              		.file 1 "Src/stm32n6xx_it.c"
  25              		.section	.text.NMI_Handler,"ax",%progbits
  26              		.align	1
  27              		.global	NMI_Handler
  28              		.syntax unified
  29              		.thumb
  30              		.thumb_func
  32              	NMI_Handler:
  33              	.LFB884:
   1:Src/stm32n6xx_it.c **** /* USER CODE BEGIN Header */
   2:Src/stm32n6xx_it.c **** /**
   3:Src/stm32n6xx_it.c ****   ******************************************************************************
   4:Src/stm32n6xx_it.c ****   * @file    stm32n6xx_it.c
   5:Src/stm32n6xx_it.c ****   * @brief   Interrupt Service Routines.
   6:Src/stm32n6xx_it.c ****   ******************************************************************************
   7:Src/stm32n6xx_it.c ****   * @attention
   8:Src/stm32n6xx_it.c ****   *
   9:Src/stm32n6xx_it.c ****   * Copyright (c) 2024 STMicroelectronics.
  10:Src/stm32n6xx_it.c ****   * All rights reserved.
  11:Src/stm32n6xx_it.c ****   *
  12:Src/stm32n6xx_it.c ****   * This software is licensed under terms that can be found in the LICENSE file
  13:Src/stm32n6xx_it.c ****   * in the root directory of this software component.
  14:Src/stm32n6xx_it.c ****   * If no LICENSE file comes with this software, it is provided AS-IS.
  15:Src/stm32n6xx_it.c ****   *
  16:Src/stm32n6xx_it.c ****   ******************************************************************************
  17:Src/stm32n6xx_it.c ****   */
  18:Src/stm32n6xx_it.c **** /* USER CODE END Header */
  19:Src/stm32n6xx_it.c **** 
  20:Src/stm32n6xx_it.c **** /* Includes ------------------------------------------------------------------*/
  21:Src/stm32n6xx_it.c **** #include "main.h"
  22:Src/stm32n6xx_it.c **** #include "stm32n6xx_it.h"
  23:Src/stm32n6xx_it.c **** /* Private includes ----------------------------------------------------------*/
  24:Src/stm32n6xx_it.c **** /* USER CODE BEGIN Includes */
  25:Src/stm32n6xx_it.c **** /* USER CODE END Includes */
ARM GAS  /tmp/ccOe1ZGA.s 			page 2


  26:Src/stm32n6xx_it.c **** 
  27:Src/stm32n6xx_it.c **** /* Private typedef -----------------------------------------------------------*/
  28:Src/stm32n6xx_it.c **** /* USER CODE BEGIN TD */
  29:Src/stm32n6xx_it.c **** 
  30:Src/stm32n6xx_it.c **** /* USER CODE END TD */
  31:Src/stm32n6xx_it.c **** 
  32:Src/stm32n6xx_it.c **** /* Private define ------------------------------------------------------------*/
  33:Src/stm32n6xx_it.c **** /* USER CODE BEGIN PD */
  34:Src/stm32n6xx_it.c **** 
  35:Src/stm32n6xx_it.c **** /* USER CODE END PD */
  36:Src/stm32n6xx_it.c **** 
  37:Src/stm32n6xx_it.c **** /* Private macro -------------------------------------------------------------*/
  38:Src/stm32n6xx_it.c **** /* USER CODE BEGIN PM */
  39:Src/stm32n6xx_it.c **** 
  40:Src/stm32n6xx_it.c **** /* USER CODE END PM */
  41:Src/stm32n6xx_it.c **** 
  42:Src/stm32n6xx_it.c **** /* Private variables ---------------------------------------------------------*/
  43:Src/stm32n6xx_it.c **** /* USER CODE BEGIN PV */
  44:Src/stm32n6xx_it.c **** 
  45:Src/stm32n6xx_it.c **** /* USER CODE END PV */
  46:Src/stm32n6xx_it.c **** 
  47:Src/stm32n6xx_it.c **** /* Private function prototypes -----------------------------------------------*/
  48:Src/stm32n6xx_it.c **** /* USER CODE BEGIN PFP */
  49:Src/stm32n6xx_it.c **** 
  50:Src/stm32n6xx_it.c **** /* USER CODE END PFP */
  51:Src/stm32n6xx_it.c **** 
  52:Src/stm32n6xx_it.c **** /* Private user code ---------------------------------------------------------*/
  53:Src/stm32n6xx_it.c **** /* USER CODE BEGIN 0 */
  54:Src/stm32n6xx_it.c **** 
  55:Src/stm32n6xx_it.c **** /* USER CODE END 0 */
  56:Src/stm32n6xx_it.c **** 
  57:Src/stm32n6xx_it.c **** /* External variables --------------------------------------------------------*/
  58:Src/stm32n6xx_it.c **** 
  59:Src/stm32n6xx_it.c **** /* USER CODE BEGIN EV */
  60:Src/stm32n6xx_it.c **** 
  61:Src/stm32n6xx_it.c **** /* USER CODE END EV */
  62:Src/stm32n6xx_it.c **** 
  63:Src/stm32n6xx_it.c **** /******************************************************************************/
  64:Src/stm32n6xx_it.c **** /*           Cortex Processor Interruption and Exception Handlers          */
  65:Src/stm32n6xx_it.c **** /******************************************************************************/
  66:Src/stm32n6xx_it.c **** /**
  67:Src/stm32n6xx_it.c ****   * @brief This function handles Non maskable interrupt.
  68:Src/stm32n6xx_it.c ****   */
  69:Src/stm32n6xx_it.c **** void NMI_Handler(void)
  70:Src/stm32n6xx_it.c **** {
  34              		.loc 1 70 1 view -0
  35              		.cfi_startproc
  36              		@ Volatile: function does not return.
  37              		@ args = 0, pretend = 0, frame = 0
  38              		@ frame_needed = 0, uses_anonymous_args = 0
  39              		@ link register save eliminated.
  40              	.L2:
  71:Src/stm32n6xx_it.c ****   /* USER CODE BEGIN NonMaskableInt_IRQn 0 */
  72:Src/stm32n6xx_it.c **** 
  73:Src/stm32n6xx_it.c ****   /* USER CODE END NonMaskableInt_IRQn 0 */
  74:Src/stm32n6xx_it.c ****   /* USER CODE BEGIN NonMaskableInt_IRQn 1 */
  75:Src/stm32n6xx_it.c ****    while (1)
ARM GAS  /tmp/ccOe1ZGA.s 			page 3


  41              		.loc 1 75 4 view .LVU1
  76:Src/stm32n6xx_it.c ****   {
  77:Src/stm32n6xx_it.c ****   }
  42              		.loc 1 77 3 view .LVU2
  75:Src/stm32n6xx_it.c ****   {
  43              		.loc 1 75 10 view .LVU3
  44 0000 FEE7     		b	.L2
  45              		.cfi_endproc
  46              	.LFE884:
  48              		.section	.text.HardFault_Handler,"ax",%progbits
  49              		.align	1
  50              		.global	HardFault_Handler
  51              		.syntax unified
  52              		.thumb
  53              		.thumb_func
  55              	HardFault_Handler:
  56              	.LFB885:
  78:Src/stm32n6xx_it.c ****   /* USER CODE END NonMaskableInt_IRQn 1 */
  79:Src/stm32n6xx_it.c **** }
  80:Src/stm32n6xx_it.c **** 
  81:Src/stm32n6xx_it.c **** /**
  82:Src/stm32n6xx_it.c ****   * @brief This function handles Hard fault interrupt.
  83:Src/stm32n6xx_it.c ****   */
  84:Src/stm32n6xx_it.c **** void HardFault_Handler(void)
  85:Src/stm32n6xx_it.c **** {
  57              		.loc 1 85 1 view -0
  58              		.cfi_startproc
  59              		@ Volatile: function does not return.
  60              		@ args = 0, pretend = 0, frame = 0
  61              		@ frame_needed = 0, uses_anonymous_args = 0
  62              		@ link register save eliminated.
  63              	.L4:
  86:Src/stm32n6xx_it.c ****   /* USER CODE BEGIN HardFault_IRQn 0 */
  87:Src/stm32n6xx_it.c **** 
  88:Src/stm32n6xx_it.c ****   /* USER CODE END HardFault_IRQn 0 */
  89:Src/stm32n6xx_it.c ****   while (1)
  64              		.loc 1 89 3 view .LVU5
  90:Src/stm32n6xx_it.c ****   {
  91:Src/stm32n6xx_it.c ****     /* USER CODE BEGIN W1_HardFault_IRQn 0 */
  92:Src/stm32n6xx_it.c ****     /* USER CODE END W1_HardFault_IRQn 0 */
  93:Src/stm32n6xx_it.c ****   }
  65              		.loc 1 93 3 view .LVU6
  89:Src/stm32n6xx_it.c ****   {
  66              		.loc 1 89 9 view .LVU7
  67 0000 FEE7     		b	.L4
  68              		.cfi_endproc
  69              	.LFE885:
  71              		.section	.text.MemManage_Handler,"ax",%progbits
  72              		.align	1
  73              		.global	MemManage_Handler
  74              		.syntax unified
  75              		.thumb
  76              		.thumb_func
  78              	MemManage_Handler:
  79              	.LFB886:
  94:Src/stm32n6xx_it.c **** }
  95:Src/stm32n6xx_it.c **** 
ARM GAS  /tmp/ccOe1ZGA.s 			page 4


  96:Src/stm32n6xx_it.c **** /**
  97:Src/stm32n6xx_it.c ****   * @brief This function handles Memory management fault.
  98:Src/stm32n6xx_it.c ****   */
  99:Src/stm32n6xx_it.c **** void MemManage_Handler(void)
 100:Src/stm32n6xx_it.c **** {
  80              		.loc 1 100 1 view -0
  81              		.cfi_startproc
  82              		@ Volatile: function does not return.
  83              		@ args = 0, pretend = 0, frame = 0
  84              		@ frame_needed = 0, uses_anonymous_args = 0
  85              		@ link register save eliminated.
  86              	.L6:
 101:Src/stm32n6xx_it.c ****   /* USER CODE BEGIN MemoryManagement_IRQn 0 */
 102:Src/stm32n6xx_it.c **** 
 103:Src/stm32n6xx_it.c ****   /* USER CODE END MemoryManagement_IRQn 0 */
 104:Src/stm32n6xx_it.c ****   while (1)
  87              		.loc 1 104 3 view .LVU9
 105:Src/stm32n6xx_it.c ****   {
 106:Src/stm32n6xx_it.c ****     /* USER CODE BEGIN W1_MemoryManagement_IRQn 0 */
 107:Src/stm32n6xx_it.c ****     /* USER CODE END W1_MemoryManagement_IRQn 0 */
 108:Src/stm32n6xx_it.c ****   }
  88              		.loc 1 108 3 view .LVU10
 104:Src/stm32n6xx_it.c ****   {
  89              		.loc 1 104 9 view .LVU11
  90 0000 FEE7     		b	.L6
  91              		.cfi_endproc
  92              	.LFE886:
  94              		.section	.text.BusFault_Handler,"ax",%progbits
  95              		.align	1
  96              		.global	BusFault_Handler
  97              		.syntax unified
  98              		.thumb
  99              		.thumb_func
 101              	BusFault_Handler:
 102              	.LFB887:
 109:Src/stm32n6xx_it.c **** }
 110:Src/stm32n6xx_it.c **** 
 111:Src/stm32n6xx_it.c **** /**
 112:Src/stm32n6xx_it.c ****   * @brief This function handles Prefetch fault, memory access fault.
 113:Src/stm32n6xx_it.c ****   */
 114:Src/stm32n6xx_it.c **** void BusFault_Handler(void)
 115:Src/stm32n6xx_it.c **** {
 103              		.loc 1 115 1 view -0
 104              		.cfi_startproc
 105              		@ Volatile: function does not return.
 106              		@ args = 0, pretend = 0, frame = 0
 107              		@ frame_needed = 0, uses_anonymous_args = 0
 108              		@ link register save eliminated.
 109              	.L8:
 116:Src/stm32n6xx_it.c ****   /* USER CODE BEGIN BusFault_IRQn 0 */
 117:Src/stm32n6xx_it.c **** 
 118:Src/stm32n6xx_it.c ****   /* USER CODE END BusFault_IRQn 0 */
 119:Src/stm32n6xx_it.c ****   while (1)
 110              		.loc 1 119 3 view .LVU13
 120:Src/stm32n6xx_it.c ****   {
 121:Src/stm32n6xx_it.c ****     /* USER CODE BEGIN W1_BusFault_IRQn 0 */
 122:Src/stm32n6xx_it.c ****     /* USER CODE END W1_BusFault_IRQn 0 */
ARM GAS  /tmp/ccOe1ZGA.s 			page 5


 123:Src/stm32n6xx_it.c ****   }
 111              		.loc 1 123 3 view .LVU14
 119:Src/stm32n6xx_it.c ****   {
 112              		.loc 1 119 9 view .LVU15
 113 0000 FEE7     		b	.L8
 114              		.cfi_endproc
 115              	.LFE887:
 117              		.section	.text.UsageFault_Handler,"ax",%progbits
 118              		.align	1
 119              		.global	UsageFault_Handler
 120              		.syntax unified
 121              		.thumb
 122              		.thumb_func
 124              	UsageFault_Handler:
 125              	.LFB888:
 124:Src/stm32n6xx_it.c **** }
 125:Src/stm32n6xx_it.c **** 
 126:Src/stm32n6xx_it.c **** /**
 127:Src/stm32n6xx_it.c ****   * @brief This function handles Undefined instruction or illegal state.
 128:Src/stm32n6xx_it.c ****   */
 129:Src/stm32n6xx_it.c **** void UsageFault_Handler(void)
 130:Src/stm32n6xx_it.c **** {
 126              		.loc 1 130 1 view -0
 127              		.cfi_startproc
 128              		@ Volatile: function does not return.
 129              		@ args = 0, pretend = 0, frame = 0
 130              		@ frame_needed = 0, uses_anonymous_args = 0
 131              		@ link register save eliminated.
 132              	.L10:
 131:Src/stm32n6xx_it.c ****   /* USER CODE BEGIN UsageFault_IRQn 0 */
 132:Src/stm32n6xx_it.c **** 
 133:Src/stm32n6xx_it.c ****   /* USER CODE END UsageFault_IRQn 0 */
 134:Src/stm32n6xx_it.c ****   while (1)
 133              		.loc 1 134 3 view .LVU17
 135:Src/stm32n6xx_it.c ****   {
 136:Src/stm32n6xx_it.c ****     /* USER CODE BEGIN W1_UsageFault_IRQn 0 */
 137:Src/stm32n6xx_it.c ****     /* USER CODE END W1_UsageFault_IRQn 0 */
 138:Src/stm32n6xx_it.c ****   }
 134              		.loc 1 138 3 view .LVU18
 134:Src/stm32n6xx_it.c ****   {
 135              		.loc 1 134 9 view .LVU19
 136 0000 FEE7     		b	.L10
 137              		.cfi_endproc
 138              	.LFE888:
 140              		.section	.text.SecureFault_Handler,"ax",%progbits
 141              		.align	1
 142              		.global	SecureFault_Handler
 143              		.syntax unified
 144              		.thumb
 145              		.thumb_func
 147              	SecureFault_Handler:
 148              	.LFB889:
 139:Src/stm32n6xx_it.c **** }
 140:Src/stm32n6xx_it.c **** 
 141:Src/stm32n6xx_it.c **** /**
 142:Src/stm32n6xx_it.c ****   * @brief This function handles Secure fault.
 143:Src/stm32n6xx_it.c ****   */
ARM GAS  /tmp/ccOe1ZGA.s 			page 6


 144:Src/stm32n6xx_it.c **** void SecureFault_Handler(void)
 145:Src/stm32n6xx_it.c **** {
 149              		.loc 1 145 1 view -0
 150              		.cfi_startproc
 151              		@ Volatile: function does not return.
 152              		@ args = 0, pretend = 0, frame = 0
 153              		@ frame_needed = 0, uses_anonymous_args = 0
 154              		@ link register save eliminated.
 155              	.L12:
 146:Src/stm32n6xx_it.c ****   /* USER CODE BEGIN SecureFault_IRQn 0 */
 147:Src/stm32n6xx_it.c **** 
 148:Src/stm32n6xx_it.c ****   /* USER CODE END SecureFault_IRQn 0 */
 149:Src/stm32n6xx_it.c ****   while (1)
 156              		.loc 1 149 3 view .LVU21
 150:Src/stm32n6xx_it.c ****   {
 151:Src/stm32n6xx_it.c ****     /* USER CODE BEGIN W1_SecureFault_IRQn 0 */
 152:Src/stm32n6xx_it.c ****     /* USER CODE END W1_SecureFault_IRQn 0 */
 153:Src/stm32n6xx_it.c ****   }
 157              		.loc 1 153 3 view .LVU22
 149:Src/stm32n6xx_it.c ****   {
 158              		.loc 1 149 9 view .LVU23
 159 0000 FEE7     		b	.L12
 160              		.cfi_endproc
 161              	.LFE889:
 163              		.section	.text.SVC_Handler,"ax",%progbits
 164              		.align	1
 165              		.global	SVC_Handler
 166              		.syntax unified
 167              		.thumb
 168              		.thumb_func
 170              	SVC_Handler:
 171              	.LFB890:
 154:Src/stm32n6xx_it.c **** }
 155:Src/stm32n6xx_it.c **** 
 156:Src/stm32n6xx_it.c **** /**
 157:Src/stm32n6xx_it.c ****   * @brief This function handles System service call via SWI instruction.
 158:Src/stm32n6xx_it.c ****   */
 159:Src/stm32n6xx_it.c **** void SVC_Handler(void)
 160:Src/stm32n6xx_it.c **** {
 172              		.loc 1 160 1 view -0
 173              		.cfi_startproc
 174              		@ args = 0, pretend = 0, frame = 0
 175              		@ frame_needed = 0, uses_anonymous_args = 0
 176              		@ link register save eliminated.
 161:Src/stm32n6xx_it.c ****   /* USER CODE BEGIN SVCall_IRQn 0 */
 162:Src/stm32n6xx_it.c **** 
 163:Src/stm32n6xx_it.c ****   /* USER CODE END SVCall_IRQn 0 */
 164:Src/stm32n6xx_it.c ****   /* USER CODE BEGIN SVCall_IRQn 1 */
 165:Src/stm32n6xx_it.c **** 
 166:Src/stm32n6xx_it.c ****   /* USER CODE END SVCall_IRQn 1 */
 167:Src/stm32n6xx_it.c **** }
 177              		.loc 1 167 1 view .LVU25
 178 0000 7047     		bx	lr
 179              		.cfi_endproc
 180              	.LFE890:
 182              		.section	.text.DebugMon_Handler,"ax",%progbits
 183              		.align	1
ARM GAS  /tmp/ccOe1ZGA.s 			page 7


 184              		.global	DebugMon_Handler
 185              		.syntax unified
 186              		.thumb
 187              		.thumb_func
 189              	DebugMon_Handler:
 190              	.LFB891:
 168:Src/stm32n6xx_it.c **** 
 169:Src/stm32n6xx_it.c **** /**
 170:Src/stm32n6xx_it.c ****   * @brief This function handles Debug monitor.
 171:Src/stm32n6xx_it.c ****   */
 172:Src/stm32n6xx_it.c **** void DebugMon_Handler(void)
 173:Src/stm32n6xx_it.c **** {
 191              		.loc 1 173 1 view -0
 192              		.cfi_startproc
 193              		@ args = 0, pretend = 0, frame = 0
 194              		@ frame_needed = 0, uses_anonymous_args = 0
 195              		@ link register save eliminated.
 174:Src/stm32n6xx_it.c ****   /* USER CODE BEGIN DebugMonitor_IRQn 0 */
 175:Src/stm32n6xx_it.c **** 
 176:Src/stm32n6xx_it.c ****   /* USER CODE END DebugMonitor_IRQn 0 */
 177:Src/stm32n6xx_it.c ****   /* USER CODE BEGIN DebugMonitor_IRQn 1 */
 178:Src/stm32n6xx_it.c **** 
 179:Src/stm32n6xx_it.c ****   /* USER CODE END DebugMonitor_IRQn 1 */
 180:Src/stm32n6xx_it.c **** }
 196              		.loc 1 180 1 view .LVU27
 197 0000 7047     		bx	lr
 198              		.cfi_endproc
 199              	.LFE891:
 201              		.section	.text.PendSV_Handler,"ax",%progbits
 202              		.align	1
 203              		.global	PendSV_Handler
 204              		.syntax unified
 205              		.thumb
 206              		.thumb_func
 208              	PendSV_Handler:
 209              	.LFB892:
 181:Src/stm32n6xx_it.c **** 
 182:Src/stm32n6xx_it.c **** /**
 183:Src/stm32n6xx_it.c ****   * @brief This function handles Pendable request for system service.
 184:Src/stm32n6xx_it.c ****   */
 185:Src/stm32n6xx_it.c **** void PendSV_Handler(void)
 186:Src/stm32n6xx_it.c **** {
 210              		.loc 1 186 1 view -0
 211              		.cfi_startproc
 212              		@ args = 0, pretend = 0, frame = 0
 213              		@ frame_needed = 0, uses_anonymous_args = 0
 214              		@ link register save eliminated.
 187:Src/stm32n6xx_it.c ****   /* USER CODE BEGIN PendSV_IRQn 0 */
 188:Src/stm32n6xx_it.c **** 
 189:Src/stm32n6xx_it.c ****   /* USER CODE END PendSV_IRQn 0 */
 190:Src/stm32n6xx_it.c ****   /* USER CODE BEGIN PendSV_IRQn 1 */
 191:Src/stm32n6xx_it.c **** 
 192:Src/stm32n6xx_it.c ****   /* USER CODE END PendSV_IRQn 1 */
 193:Src/stm32n6xx_it.c **** }
 215              		.loc 1 193 1 view .LVU29
 216 0000 7047     		bx	lr
 217              		.cfi_endproc
ARM GAS  /tmp/ccOe1ZGA.s 			page 8


 218              	.LFE892:
 220              		.section	.text.SysTick_Handler,"ax",%progbits
 221              		.align	1
 222              		.global	SysTick_Handler
 223              		.syntax unified
 224              		.thumb
 225              		.thumb_func
 227              	SysTick_Handler:
 228              	.LFB893:
 194:Src/stm32n6xx_it.c **** 
 195:Src/stm32n6xx_it.c **** /**
 196:Src/stm32n6xx_it.c ****   * @brief This function handles System tick timer.
 197:Src/stm32n6xx_it.c ****   */
 198:Src/stm32n6xx_it.c **** void SysTick_Handler(void)
 199:Src/stm32n6xx_it.c **** {
 229              		.loc 1 199 1 view -0
 230              		.cfi_startproc
 231              		@ args = 0, pretend = 0, frame = 0
 232              		@ frame_needed = 0, uses_anonymous_args = 0
 233 0000 08B5     		push	{r3, lr}
 234              	.LCFI0:
 235              		.cfi_def_cfa_offset 8
 236              		.cfi_offset 3, -8
 237              		.cfi_offset 14, -4
 200:Src/stm32n6xx_it.c ****   /* USER CODE BEGIN SysTick_IRQn 0 */
 201:Src/stm32n6xx_it.c **** 
 202:Src/stm32n6xx_it.c ****   /* USER CODE END SysTick_IRQn 0 */
 203:Src/stm32n6xx_it.c ****   HAL_IncTick();
 238              		.loc 1 203 3 view .LVU31
 239 0002 FFF7FEFF 		bl	HAL_IncTick
 240              	.LVL0:
 204:Src/stm32n6xx_it.c ****   /* USER CODE BEGIN SysTick_IRQn 1 */
 205:Src/stm32n6xx_it.c **** 
 206:Src/stm32n6xx_it.c ****   /* USER CODE END SysTick_IRQn 1 */
 207:Src/stm32n6xx_it.c **** }
 241              		.loc 1 207 1 is_stmt 0 view .LVU32
 242 0006 08BD     		pop	{r3, pc}
 243              		.cfi_endproc
 244              	.LFE893:
 246              		.text
 247              	.Letext0:
 248              		.file 2 "../Drivers/STM32N6xx_HAL_Driver/Inc/stm32n6xx_hal.h"
ARM GAS  /tmp/ccOe1ZGA.s 			page 9


DEFINED SYMBOLS
                            *ABS*:00000000 stm32n6xx_it.c
     /tmp/ccOe1ZGA.s:26     .text.NMI_Handler:00000000 $t
     /tmp/ccOe1ZGA.s:32     .text.NMI_Handler:00000000 NMI_Handler
     /tmp/ccOe1ZGA.s:49     .text.HardFault_Handler:00000000 $t
     /tmp/ccOe1ZGA.s:55     .text.HardFault_Handler:00000000 HardFault_Handler
     /tmp/ccOe1ZGA.s:72     .text.MemManage_Handler:00000000 $t
     /tmp/ccOe1ZGA.s:78     .text.MemManage_Handler:00000000 MemManage_Handler
     /tmp/ccOe1ZGA.s:95     .text.BusFault_Handler:00000000 $t
     /tmp/ccOe1ZGA.s:101    .text.BusFault_Handler:00000000 BusFault_Handler
     /tmp/ccOe1ZGA.s:118    .text.UsageFault_Handler:00000000 $t
     /tmp/ccOe1ZGA.s:124    .text.UsageFault_Handler:00000000 UsageFault_Handler
     /tmp/ccOe1ZGA.s:141    .text.SecureFault_Handler:00000000 $t
     /tmp/ccOe1ZGA.s:147    .text.SecureFault_Handler:00000000 SecureFault_Handler
     /tmp/ccOe1ZGA.s:164    .text.SVC_Handler:00000000 $t
     /tmp/ccOe1ZGA.s:170    .text.SVC_Handler:00000000 SVC_Handler
     /tmp/ccOe1ZGA.s:183    .text.DebugMon_Handler:00000000 $t
     /tmp/ccOe1ZGA.s:189    .text.DebugMon_Handler:00000000 DebugMon_Handler
     /tmp/ccOe1ZGA.s:202    .text.PendSV_Handler:00000000 $t
     /tmp/ccOe1ZGA.s:208    .text.PendSV_Handler:00000000 PendSV_Handler
     /tmp/ccOe1ZGA.s:221    .text.SysTick_Handler:00000000 $t
     /tmp/ccOe1ZGA.s:227    .text.SysTick_Handler:00000000 SysTick_Handler

UNDEFINED SYMBOLS
HAL_IncTick
